2016-02-28 04:14:23  INFO com.jp.supersimplestocks.tradeandstockexchange.StockThread - Got hold of the reading lock..........
2016-02-28 04:14:23  INFO com.jp.supersimplestocks.tradeandstockexchange.StockThread - -------------------------------------------------
2016-02-28 04:14:23  INFO com.jp.supersimplestocks.tradeandstockexchange.StockThread - Symbol StockPrice DividendYield PE Ratio
2016-02-28 04:14:23  INFO com.jp.supersimplestocks.tradeandstockexchange.StockThread - -------------------------------------------------
2016-02-28 04:14:23  INFO com.jp.supersimplestocks.tradeandstockexchange.TradesQueue - Calculate stock price from : 2016-02-28 03:59:23.397 to 2016-02-28 04:14:23.397
2016-02-28 04:14:23  INFO com.jp.supersimplestocks.tradeandstockexchange.TradesQueue - Considering the below trades...
2016-02-28 04:14:23  INFO com.jp.supersimplestocks.tradeandstockexchange.TradesQueue - 2016-02-28 04:09:23.382        TEA   80    SELL  150  
2016-02-28 04:14:23  INFO com.jp.supersimplestocks.tradeandstockexchange.TradesQueue - 2016-02-28 04:06:23.382        GIN   90    BUY   120  
2016-02-28 04:14:23  INFO com.jp.supersimplestocks.tradeandstockexchange.TradesQueue - 2016-02-28 04:02:23.382        POP   100   SELL  130  
2016-02-28 04:14:23  INFO com.jp.supersimplestocks.tradeandstockexchange.TradesQueue - 2016-02-28 04:01:23.382        ALE   110   BUY   140  
2016-02-28 04:14:23  INFO com.jp.supersimplestocks.tradeandstockexchange.TradesQueue - 2016-02-28 04:00:23.382        JOE   120   SELL  110  
2016-02-28 04:14:23  INFO com.jp.supersimplestocks.tradeandstockexchange.TradesQueue - evictionThresholdTimestamp set to 2016-02-28 03:59:23.397
2016-02-28 04:14:23  INFO com.jp.supersimplestocks.tradeandstockexchange.StockThread - GIN   120.00   0.02     6000.00 
2016-02-28 04:14:23  INFO com.jp.supersimplestocks.tradeandstockexchange.StockThread - JOE   110.00   0.12     916.67  
2016-02-28 04:14:23  INFO com.jp.supersimplestocks.tradeandstockexchange.StockThread - ALE   140.00   0.28     823.53  
2016-02-28 04:14:23  INFO com.jp.supersimplestocks.tradeandstockexchange.StockThread - POP   130.00   0.07     1857.15 
2016-02-28 04:14:23  INFO com.jp.supersimplestocks.tradeandstockexchange.StockThread - TEA   150.00   0.00     Na      
2016-02-28 04:14:23  ERROR com.jp.supersimplestocks.tradeandstockexchange.StockThread - calculatePERatio : Dividend yield  could have been zero for : TEA
2016-02-28 04:14:23  INFO com.jp.supersimplestocks.tradeandstockexchange.StockThread - GBCE all share index --> 129.23
2016-02-28 04:14:23  INFO com.jp.supersimplestocks.tradeandstockexchange.StockThread - ---------------------------------------------------------------
2016-02-28 04:14:23  INFO com.jp.supersimplestocks.tradeandstockexchange.StockThread - Got hold of the reading lock..........
2016-02-28 04:14:23  INFO com.jp.supersimplestocks.tradeandstockexchange.StockThread - -------------------------------------------------
2016-02-28 04:14:23  INFO com.jp.supersimplestocks.tradeandstockexchange.StockThread - Symbol StockPrice DividendYield PE Ratio
2016-02-28 04:14:23  INFO com.jp.supersimplestocks.tradeandstockexchange.StockThread - -------------------------------------------------
2016-02-28 04:14:23  INFO com.jp.supersimplestocks.tradeandstockexchange.TradesQueue - Calculate stock price from : 2016-02-28 03:59:23.413 to 2016-02-28 04:14:23.413
2016-02-28 04:14:23  INFO com.jp.supersimplestocks.tradeandstockexchange.TradesQueue - Considering the below trades...
2016-02-28 04:14:23  INFO com.jp.supersimplestocks.tradeandstockexchange.TradesQueue - 2016-02-28 04:14:23.407        ALE   11    SELL  60   
2016-02-28 04:14:23  INFO com.jp.supersimplestocks.tradeandstockexchange.TradesQueue - evictionThresholdTimestamp set to 2016-02-28 03:59:23.413
2016-02-28 04:14:23  INFO com.jp.supersimplestocks.tradeandstockexchange.StockThread - ALE   60.00    0.39     153.85  
2016-02-28 04:14:23  INFO com.jp.supersimplestocks.tradeandstockexchange.StockThread - GBCE all share index --> 2.27
2016-02-28 04:14:23  INFO com.jp.supersimplestocks.tradeandstockexchange.StockThread - ---------------------------------------------------------------
2016-02-28 04:14:28  INFO com.jp.supersimplestocks.tradeandstockexchange.StockThread - Got hold of the reading lock..........
2016-02-28 04:14:28  INFO com.jp.supersimplestocks.tradeandstockexchange.StockThread - -------------------------------------------------
2016-02-28 04:14:28  INFO com.jp.supersimplestocks.tradeandstockexchange.StockThread - Symbol StockPrice DividendYield PE Ratio
2016-02-28 04:14:28  INFO com.jp.supersimplestocks.tradeandstockexchange.StockThread - -------------------------------------------------
2016-02-28 04:14:28  INFO com.jp.supersimplestocks.tradeandstockexchange.TradesQueue - Calculate stock price from : 2016-02-28 03:59:28.424 to 2016-02-28 04:14:28.424
2016-02-28 04:14:28  INFO com.jp.supersimplestocks.tradeandstockexchange.TradesQueue - Considering the below trades...
2016-02-28 04:14:28  INFO com.jp.supersimplestocks.tradeandstockexchange.TradesQueue - 2016-02-28 04:14:23.407        ALE   11    SELL  60   
2016-02-28 04:14:28  INFO com.jp.supersimplestocks.tradeandstockexchange.TradesQueue - 2016-02-28 04:14:23.402        JOE   86    BUY   250  
2016-02-28 04:14:28  INFO com.jp.supersimplestocks.tradeandstockexchange.TradesQueue - 2016-02-28 04:14:23.407        GIN   5     SELL  200  
2016-02-28 04:14:28  INFO com.jp.supersimplestocks.tradeandstockexchange.TradesQueue - 2016-02-28 04:14:23.407        ALE   11    BUY   120  
2016-02-28 04:14:28  INFO com.jp.supersimplestocks.tradeandstockexchange.TradesQueue - 2016-02-28 04:14:23.407        TEA   95    BUY   100  
2016-02-28 04:14:28  INFO com.jp.supersimplestocks.tradeandstockexchange.TradesQueue - 2016-02-28 04:14:24.411        TEA   97    BUY   100  
2016-02-28 04:14:28  INFO com.jp.supersimplestocks.tradeandstockexchange.TradesQueue - 2016-02-28 04:14:24.415        JOE   12    SELL  500  
2016-02-28 04:14:28  INFO com.jp.supersimplestocks.tradeandstockexchange.TradesQueue - 2016-02-28 04:14:24.416        POP   29    SELL  100  
2016-02-28 04:14:28  INFO com.jp.supersimplestocks.tradeandstockexchange.TradesQueue - 2016-02-28 04:14:24.416        TEA   34    BUY   200  
2016-02-28 04:14:28  INFO com.jp.supersimplestocks.tradeandstockexchange.TradesQueue - 2016-02-28 04:14:24.416        TEA   52    SELL  200  
2016-02-28 04:14:28  INFO com.jp.supersimplestocks.tradeandstockexchange.TradesQueue - 2016-02-28 04:14:25.413        TEA   23    BUY   200  
2016-02-28 04:14:28  INFO com.jp.supersimplestocks.tradeandstockexchange.TradesQueue - 2016-02-28 04:14:25.416        POP   97    BUY   200  
2016-02-28 04:14:28  INFO com.jp.supersimplestocks.tradeandstockexchange.TradesQueue - 2016-02-28 04:14:25.428        GIN   47    BUY   200  
2016-02-28 04:14:28  INFO com.jp.supersimplestocks.tradeandstockexchange.TradesQueue - 2016-02-28 04:14:25.418        ALE   50    SELL  120  
2016-02-28 04:14:28  INFO com.jp.supersimplestocks.tradeandstockexchange.TradesQueue - 2016-02-28 04:14:25.419        JOE   66    BUY   500  
2016-02-28 04:14:28  INFO com.jp.supersimplestocks.tradeandstockexchange.TradesQueue - 2016-02-28 04:14:26.414        GIN   31    SELL  200  
2016-02-28 04:14:28  INFO com.jp.supersimplestocks.tradeandstockexchange.TradesQueue - 2016-02-28 04:14:26.42         GIN   70    SELL  200  
2016-02-28 04:14:28  INFO com.jp.supersimplestocks.tradeandstockexchange.TradesQueue - 2016-02-28 04:14:26.419        JOE   10    BUY   500  
2016-02-28 04:14:28  INFO com.jp.supersimplestocks.tradeandstockexchange.TradesQueue - 2016-02-28 04:14:26.418        TEA   14    SELL  200  
2016-02-28 04:14:28  INFO com.jp.supersimplestocks.tradeandstockexchange.TradesQueue - 2016-02-28 04:14:26.428        TEA   15    BUY   200  
2016-02-28 04:14:28  INFO com.jp.supersimplestocks.tradeandstockexchange.TradesQueue - 2016-02-28 04:14:27.423        GIN   28    SELL  200  
2016-02-28 04:14:28  INFO com.jp.supersimplestocks.tradeandstockexchange.TradesQueue - 2016-02-28 04:14:27.424        JOE   43    SELL  250  
2016-02-28 04:14:28  INFO com.jp.supersimplestocks.tradeandstockexchange.TradesQueue - 2016-02-28 04:14:27.424        TEA   73    SELL  100  
2016-02-28 04:14:28  INFO com.jp.supersimplestocks.tradeandstockexchange.TradesQueue - 2016-02-28 04:14:27.425        GIN   49    BUY   100  
2016-02-28 04:14:28  INFO com.jp.supersimplestocks.tradeandstockexchange.TradesQueue - 2016-02-28 04:14:27.433        GIN   78    BUY   200  
2016-02-28 04:14:28  INFO com.jp.supersimplestocks.tradeandstockexchange.TradesQueue - evictionThresholdTimestamp set to 2016-02-28 03:59:28.424
2016-02-28 04:14:28  INFO com.jp.supersimplestocks.tradeandstockexchange.StockThread - GIN   183.51   0.02     9285.50 
2016-02-28 04:14:28  INFO com.jp.supersimplestocks.tradeandstockexchange.StockThread - JOE   351.39   0.04     8784.75 
2016-02-28 04:14:28  INFO com.jp.supersimplestocks.tradeandstockexchange.StockThread - ALE   110.84   0.21     527.81  
2016-02-28 04:14:28  INFO com.jp.supersimplestocks.tradeandstockexchange.StockThread - POP   286.99   0.05     3539.80 
2016-02-28 04:14:28  INFO com.jp.supersimplestocks.tradeandstockexchange.StockThread - TEA   134.25   0.00     Na      
2016-02-28 04:14:28  ERROR com.jp.supersimplestocks.tradeandstockexchange.StockThread - calculatePERatio : Dividend yield  could have been zero for : TEA
2016-02-28 04:14:28  INFO com.jp.supersimplestocks.tradeandstockexchange.StockThread - GBCE all share index --> 286.2
2016-02-28 04:14:28  INFO com.jp.supersimplestocks.tradeandstockexchange.StockThread - ---------------------------------------------------------------
2016-02-28 04:14:33  INFO com.jp.supersimplestocks.tradeandstockexchange.StockThread - Got hold of the reading lock..........
2016-02-28 04:14:33  INFO com.jp.supersimplestocks.tradeandstockexchange.StockThread - -------------------------------------------------
2016-02-28 04:14:33  INFO com.jp.supersimplestocks.tradeandstockexchange.StockThread - Symbol StockPrice DividendYield PE Ratio
2016-02-28 04:14:33  INFO com.jp.supersimplestocks.tradeandstockexchange.StockThread - -------------------------------------------------
2016-02-28 04:14:33  INFO com.jp.supersimplestocks.tradeandstockexchange.TradesQueue - Calculate stock price from : 2016-02-28 03:59:33.442 to 2016-02-28 04:14:33.442
2016-02-28 04:14:33  INFO com.jp.supersimplestocks.tradeandstockexchange.TradesQueue - Considering the below trades...
2016-02-28 04:14:33  INFO com.jp.supersimplestocks.tradeandstockexchange.TradesQueue - 2016-02-28 04:09:33.42         TEA   80    SELL  150  
2016-02-28 04:14:33  INFO com.jp.supersimplestocks.tradeandstockexchange.TradesQueue - 2016-02-28 04:06:33.42         GIN   90    BUY   120  
2016-02-28 04:14:33  INFO com.jp.supersimplestocks.tradeandstockexchange.TradesQueue - 2016-02-28 04:02:33.42         POP   100   SELL  130  
2016-02-28 04:14:33  INFO com.jp.supersimplestocks.tradeandstockexchange.TradesQueue - 2016-02-28 04:01:33.42         ALE   110   BUY   140  
2016-02-28 04:14:33  INFO com.jp.supersimplestocks.tradeandstockexchange.TradesQueue - 2016-02-28 04:00:33.42         JOE   120   SELL  110  
2016-02-28 04:14:33  INFO com.jp.supersimplestocks.tradeandstockexchange.TradesQueue - 2016-02-28 04:02:33.42         GIN   100   BUY   130  
2016-02-28 04:14:33  INFO com.jp.supersimplestocks.tradeandstockexchange.TradesQueue - 2016-02-28 04:01:33.42         POP   110   SELL  120  
2016-02-28 04:14:33  INFO com.jp.supersimplestocks.tradeandstockexchange.TradesQueue - 2016-02-28 04:06:33.42         ALE   90    BUY   120  
2016-02-28 04:14:33  INFO com.jp.supersimplestocks.tradeandstockexchange.TradesQueue - 2016-02-28 04:09:33.42         JOE   80    SELL  150  
2016-02-28 04:14:33  INFO com.jp.supersimplestocks.tradeandstockexchange.TradesQueue - 2016-02-28 04:00:33.42         TEA   120   SELL  110  
2016-02-28 04:14:33  INFO com.jp.supersimplestocks.tradeandstockexchange.TradesQueue - evictionThresholdTimestamp set to 2016-02-28 03:59:33.442
2016-02-28 04:14:33  INFO com.jp.supersimplestocks.tradeandstockexchange.StockThread - GIN   125.27   0.02     6263.50 
2016-02-28 04:14:33  INFO com.jp.supersimplestocks.tradeandstockexchange.StockThread - JOE   126.00   0.11     1145.46 
2016-02-28 04:14:33  INFO com.jp.supersimplestocks.tradeandstockexchange.StockThread - ALE   131.00   0.18     727.78  
2016-02-28 04:14:33  INFO com.jp.supersimplestocks.tradeandstockexchange.StockThread - POP   124.77   0.07     2882.43 
2016-02-28 04:14:33  INFO com.jp.supersimplestocks.tradeandstockexchange.StockThread - TEA   126.00   0.00     Na      
2016-02-28 04:14:33  ERROR com.jp.supersimplestocks.tradeandstockexchange.StockThread - calculatePERatio : Dividend yield  could have been zero for : TEA
2016-02-28 04:14:33  INFO com.jp.supersimplestocks.tradeandstockexchange.StockThread - GBCE all share index --> 126.59
2016-02-28 04:14:33  INFO com.jp.supersimplestocks.tradeandstockexchange.StockThread - ---------------------------------------------------------------
2016-02-28 04:14:38  INFO com.jp.supersimplestocks.tradeandstockexchange.StockThread - Got hold of the reading lock..........
2016-02-28 04:14:38  INFO com.jp.supersimplestocks.tradeandstockexchange.StockThread - -------------------------------------------------
2016-02-28 04:14:38  INFO com.jp.supersimplestocks.tradeandstockexchange.StockThread - Symbol StockPrice DividendYield PE Ratio
2016-02-28 04:14:38  INFO com.jp.supersimplestocks.tradeandstockexchange.StockThread - -------------------------------------------------
2016-02-28 04:14:38  INFO com.jp.supersimplestocks.tradeandstockexchange.TradesQueue - Calculate stock price from : 2016-02-28 03:59:38.46 to 2016-02-28 04:14:38.46
2016-02-28 04:14:38  INFO com.jp.supersimplestocks.tradeandstockexchange.TradesQueue - Considering the below trades...
2016-02-28 04:14:38  INFO com.jp.supersimplestocks.tradeandstockexchange.TradesQueue - 2016-02-28 04:09:38.445        TEA   80    SELL  150  
2016-02-28 04:14:38  INFO com.jp.supersimplestocks.tradeandstockexchange.TradesQueue - 2016-02-28 04:06:38.446        GIN   90    BUY   120  
2016-02-28 04:14:38  INFO com.jp.supersimplestocks.tradeandstockexchange.TradesQueue - 2016-02-28 04:02:38.446        POP   100   SELL  130  
2016-02-28 04:14:38  INFO com.jp.supersimplestocks.tradeandstockexchange.TradesQueue - 2016-02-28 04:01:38.446        ALE   110   BUY   140  
2016-02-28 04:14:38  INFO com.jp.supersimplestocks.tradeandstockexchange.TradesQueue - 2016-02-28 04:00:38.446        JOE   120   SELL  110  
2016-02-28 04:14:38  INFO com.jp.supersimplestocks.tradeandstockexchange.TradesQueue - evictionThresholdTimestamp set to 2016-02-28 03:59:38.46
2016-02-28 04:14:38  INFO com.jp.supersimplestocks.tradeandstockexchange.StockThread - GIN   120.00   0.02     6000.00 
2016-02-28 04:14:38  INFO com.jp.supersimplestocks.tradeandstockexchange.StockThread - JOE   110.00   0.12     916.67  
2016-02-28 04:14:38  INFO com.jp.supersimplestocks.tradeandstockexchange.StockThread - ALE   140.00   0.28     823.53  
2016-02-28 04:14:38  INFO com.jp.supersimplestocks.tradeandstockexchange.StockThread - POP   130.00   0.07     1857.15 
2016-02-28 04:14:38  INFO com.jp.supersimplestocks.tradeandstockexchange.StockThread - TEA   150.00   0.00     Na      
2016-02-28 04:14:38  ERROR com.jp.supersimplestocks.tradeandstockexchange.StockThread - calculatePERatio : Dividend yield  could have been zero for : TEA
2016-02-28 04:14:38  INFO com.jp.supersimplestocks.tradeandstockexchange.StockThread - GBCE all share index --> 129.23
2016-02-28 04:14:38  INFO com.jp.supersimplestocks.tradeandstockexchange.StockThread - ---------------------------------------------------------------
2016-02-28 04:14:38  INFO com.jp.supersimplestocks.tradeandstockexchange.StockThread - Got hold of the reading lock..........
2016-02-28 04:14:38  INFO com.jp.supersimplestocks.tradeandstockexchange.StockThread - -------------------------------------------------
2016-02-28 04:14:38  INFO com.jp.supersimplestocks.tradeandstockexchange.StockThread - Symbol StockPrice DividendYield PE Ratio
2016-02-28 04:14:38  INFO com.jp.supersimplestocks.tradeandstockexchange.StockThread - -------------------------------------------------
2016-02-28 04:14:38  INFO com.jp.supersimplestocks.tradeandstockexchange.TradesQueue - Calculate stock price from : 2016-02-28 03:59:38.474 to 2016-02-28 04:14:38.474
2016-02-28 04:14:38  INFO com.jp.supersimplestocks.tradeandstockexchange.TradesQueue - Considering the below trades...
2016-02-28 04:14:38  INFO com.jp.supersimplestocks.tradeandstockexchange.TradesQueue - 2016-02-28 04:14:38.471        GIN   26    BUY   100  
2016-02-28 04:14:38  INFO com.jp.supersimplestocks.tradeandstockexchange.TradesQueue - evictionThresholdTimestamp set to 2016-02-28 03:59:38.474
2016-02-28 04:14:38  INFO com.jp.supersimplestocks.tradeandstockexchange.StockThread - GIN   100.00   0.02     5000.00 
2016-02-28 04:14:38  INFO com.jp.supersimplestocks.tradeandstockexchange.StockThread - GBCE all share index --> 2.52
2016-02-28 04:14:38  INFO com.jp.supersimplestocks.tradeandstockexchange.StockThread - ---------------------------------------------------------------
2016-02-28 04:14:43  INFO com.jp.supersimplestocks.tradeandstockexchange.StockThread - Got hold of the reading lock..........
2016-02-28 04:14:43  INFO com.jp.supersimplestocks.tradeandstockexchange.StockThread - -------------------------------------------------
2016-02-28 04:14:43  INFO com.jp.supersimplestocks.tradeandstockexchange.StockThread - Symbol StockPrice DividendYield PE Ratio
2016-02-28 04:14:43  INFO com.jp.supersimplestocks.tradeandstockexchange.StockThread - -------------------------------------------------
2016-02-28 04:14:43  INFO com.jp.supersimplestocks.tradeandstockexchange.TradesQueue - Calculate stock price from : 2016-02-28 03:59:43.485 to 2016-02-28 04:14:43.485
2016-02-28 04:14:43  INFO com.jp.supersimplestocks.tradeandstockexchange.TradesQueue - Considering the below trades...
2016-02-28 04:14:43  INFO com.jp.supersimplestocks.tradeandstockexchange.TradesQueue - 2016-02-28 04:14:38.471        GIN   26    BUY   100  
2016-02-28 04:14:43  INFO com.jp.supersimplestocks.tradeandstockexchange.TradesQueue - 2016-02-28 04:14:38.471        ALE   3     SELL  120  
2016-02-28 04:14:43  INFO com.jp.supersimplestocks.tradeandstockexchange.TradesQueue - 2016-02-28 04:14:38.471        TEA   43    BUY   100  
2016-02-28 04:14:43  INFO com.jp.supersimplestocks.tradeandstockexchange.TradesQueue - 2016-02-28 04:14:38.471        JOE   26    BUY   250  
2016-02-28 04:14:43  INFO com.jp.supersimplestocks.tradeandstockexchange.TradesQueue - 2016-02-28 04:14:38.471        GIN   98    SELL  200  
2016-02-28 04:14:43  INFO com.jp.supersimplestocks.tradeandstockexchange.TradesQueue - 2016-02-28 04:14:39.473        POP   31    BUY   100  
2016-02-28 04:14:43  INFO com.jp.supersimplestocks.tradeandstockexchange.TradesQueue - 2016-02-28 04:14:39.475        POP   85    BUY   200  
2016-02-28 04:14:43  INFO com.jp.supersimplestocks.tradeandstockexchange.TradesQueue - 2016-02-28 04:14:39.475        POP   66    BUY   100  
2016-02-28 04:14:43  INFO com.jp.supersimplestocks.tradeandstockexchange.TradesQueue - 2016-02-28 04:14:39.478        ALE   70    BUY   120  
2016-02-28 04:14:43  INFO com.jp.supersimplestocks.tradeandstockexchange.TradesQueue - 2016-02-28 04:14:39.479        POP   87    SELL  100  
2016-02-28 04:14:43  INFO com.jp.supersimplestocks.tradeandstockexchange.TradesQueue - 2016-02-28 04:14:40.475        TEA   34    SELL  200  
2016-02-28 04:14:43  INFO com.jp.supersimplestocks.tradeandstockexchange.TradesQueue - 2016-02-28 04:14:40.476        GIN   13    BUY   100  
2016-02-28 04:14:43  INFO com.jp.supersimplestocks.tradeandstockexchange.TradesQueue - 2016-02-28 04:14:40.477        GIN   60    BUY   100  
2016-02-28 04:14:43  INFO com.jp.supersimplestocks.tradeandstockexchange.TradesQueue - 2016-02-28 04:14:40.479        TEA   46    BUY   200  
2016-02-28 04:14:43  INFO com.jp.supersimplestocks.tradeandstockexchange.TradesQueue - 2016-02-28 04:14:40.48         POP   49    SELL  100  
2016-02-28 04:14:43  INFO com.jp.supersimplestocks.tradeandstockexchange.TradesQueue - 2016-02-28 04:14:41.475        ALE   46    BUY   120  
2016-02-28 04:14:43  INFO com.jp.supersimplestocks.tradeandstockexchange.TradesQueue - 2016-02-28 04:14:41.48         ALE   68    BUY   120  
2016-02-28 04:14:43  INFO com.jp.supersimplestocks.tradeandstockexchange.TradesQueue - 2016-02-28 04:14:41.479        POP   28    SELL  100  
2016-02-28 04:14:43  INFO com.jp.supersimplestocks.tradeandstockexchange.TradesQueue - 2016-02-28 04:14:41.477        JOE   81    BUY   500  
2016-02-28 04:14:43  INFO com.jp.supersimplestocks.tradeandstockexchange.TradesQueue - 2016-02-28 04:14:41.476        TEA   34    BUY   100  
2016-02-28 04:14:43  INFO com.jp.supersimplestocks.tradeandstockexchange.TradesQueue - 2016-02-28 04:14:42.48         JOE   79    BUY   250  
2016-02-28 04:14:43  INFO com.jp.supersimplestocks.tradeandstockexchange.TradesQueue - 2016-02-28 04:14:42.481        TEA   69    BUY   100  
2016-02-28 04:14:43  INFO com.jp.supersimplestocks.tradeandstockexchange.TradesQueue - 2016-02-28 04:14:42.481        POP   67    SELL  100  
2016-02-28 04:14:43  INFO com.jp.supersimplestocks.tradeandstockexchange.TradesQueue - 2016-02-28 04:14:42.482        ALE   28    BUY   60   
2016-02-28 04:14:43  INFO com.jp.supersimplestocks.tradeandstockexchange.TradesQueue - 2016-02-28 04:14:42.488        POP   63    BUY   100  
2016-02-28 04:14:43  INFO com.jp.supersimplestocks.tradeandstockexchange.TradesQueue - evictionThresholdTimestamp set to 2016-02-28 03:59:43.485
2016-02-28 04:14:43  INFO com.jp.supersimplestocks.tradeandstockexchange.StockThread - GIN   149.75   0.02     7487.50 
2016-02-28 04:14:43  INFO com.jp.supersimplestocks.tradeandstockexchange.StockThread - JOE   358.88   0.04     8972.00 
2016-02-28 04:14:43  INFO com.jp.supersimplestocks.tradeandstockexchange.StockThread - ALE   112.19   0.21     534.24  
2016-02-28 04:14:43  INFO com.jp.supersimplestocks.tradeandstockexchange.StockThread - POP   118.28   0.07     1689.72 
2016-02-28 04:14:43  INFO com.jp.supersimplestocks.tradeandstockexchange.StockThread - TEA   135.40   0.00     Na      
2016-02-28 04:14:43  ERROR com.jp.supersimplestocks.tradeandstockexchange.StockThread - calculatePERatio : Dividend yield  could have been zero for : TEA
2016-02-28 04:14:43  INFO com.jp.supersimplestocks.tradeandstockexchange.StockThread - GBCE all share index --> 157.39
2016-02-28 04:14:43  INFO com.jp.supersimplestocks.tradeandstockexchange.StockThread - ---------------------------------------------------------------
2016-02-28 04:14:48  INFO com.jp.supersimplestocks.tradeandstockexchange.StockThread - Got hold of the reading lock..........
2016-02-28 04:14:48  INFO com.jp.supersimplestocks.tradeandstockexchange.StockThread - -------------------------------------------------
2016-02-28 04:14:48  INFO com.jp.supersimplestocks.tradeandstockexchange.StockThread - Symbol StockPrice DividendYield PE Ratio
2016-02-28 04:14:48  INFO com.jp.supersimplestocks.tradeandstockexchange.StockThread - -------------------------------------------------
2016-02-28 04:14:48  INFO com.jp.supersimplestocks.tradeandstockexchange.TradesQueue - Calculate stock price from : 2016-02-28 03:59:48.507 to 2016-02-28 04:14:48.507
2016-02-28 04:14:48  INFO com.jp.supersimplestocks.tradeandstockexchange.TradesQueue - Considering the below trades...
2016-02-28 04:14:48  INFO com.jp.supersimplestocks.tradeandstockexchange.TradesQueue - 2016-02-28 04:09:48.484        TEA   80    SELL  150  
2016-02-28 04:14:48  INFO com.jp.supersimplestocks.tradeandstockexchange.TradesQueue - 2016-02-28 04:06:48.484        GIN   90    BUY   120  
2016-02-28 04:14:48  INFO com.jp.supersimplestocks.tradeandstockexchange.TradesQueue - 2016-02-28 04:02:48.484        POP   100   SELL  130  
2016-02-28 04:14:48  INFO com.jp.supersimplestocks.tradeandstockexchange.TradesQueue - 2016-02-28 04:01:48.484        ALE   110   BUY   140  
2016-02-28 04:14:48  INFO com.jp.supersimplestocks.tradeandstockexchange.TradesQueue - 2016-02-28 04:00:48.484        JOE   120   SELL  110  
2016-02-28 04:14:48  INFO com.jp.supersimplestocks.tradeandstockexchange.TradesQueue - 2016-02-28 04:02:48.484        GIN   100   BUY   130  
2016-02-28 04:14:48  INFO com.jp.supersimplestocks.tradeandstockexchange.TradesQueue - 2016-02-28 04:01:48.484        POP   110   SELL  120  
2016-02-28 04:14:48  INFO com.jp.supersimplestocks.tradeandstockexchange.TradesQueue - 2016-02-28 04:06:48.484        ALE   90    BUY   120  
2016-02-28 04:14:48  INFO com.jp.supersimplestocks.tradeandstockexchange.TradesQueue - 2016-02-28 04:09:48.484        JOE   80    SELL  150  
2016-02-28 04:14:48  INFO com.jp.supersimplestocks.tradeandstockexchange.TradesQueue - 2016-02-28 04:00:48.484        TEA   120   SELL  110  
2016-02-28 04:14:48  INFO com.jp.supersimplestocks.tradeandstockexchange.TradesQueue - evictionThresholdTimestamp set to 2016-02-28 03:59:48.507
2016-02-28 04:14:48  INFO com.jp.supersimplestocks.tradeandstockexchange.StockThread - GIN   125.27   0.02     6263.50 
2016-02-28 04:14:48  INFO com.jp.supersimplestocks.tradeandstockexchange.StockThread - JOE   126.00   0.11     1145.46 
2016-02-28 04:14:48  INFO com.jp.supersimplestocks.tradeandstockexchange.StockThread - ALE   131.00   0.18     727.78  
2016-02-28 04:14:48  INFO com.jp.supersimplestocks.tradeandstockexchange.StockThread - POP   124.77   0.07     2882.43 
2016-02-28 04:14:48  INFO com.jp.supersimplestocks.tradeandstockexchange.StockThread - TEA   126.00   0.00     Na      
2016-02-28 04:14:48  ERROR com.jp.supersimplestocks.tradeandstockexchange.StockThread - calculatePERatio : Dividend yield  could have been zero for : TEA
2016-02-28 04:14:48  INFO com.jp.supersimplestocks.tradeandstockexchange.StockThread - GBCE all share index --> 126.59
2016-02-28 04:14:48  INFO com.jp.supersimplestocks.tradeandstockexchange.StockThread - ---------------------------------------------------------------
2016-02-28 04:14:53  INFO com.jp.supersimplestocks.tradeandstockexchange.StockThread - Got hold of the reading lock..........
2016-02-28 04:14:53  INFO com.jp.supersimplestocks.tradeandstockexchange.StockThread - -------------------------------------------------
2016-02-28 04:14:53  INFO com.jp.supersimplestocks.tradeandstockexchange.StockThread - Symbol StockPrice DividendYield PE Ratio
2016-02-28 04:14:53  INFO com.jp.supersimplestocks.tradeandstockexchange.StockThread - -------------------------------------------------
2016-02-28 04:14:53  INFO com.jp.supersimplestocks.tradeandstockexchange.TradesQueue - Calculate stock price from : 2016-02-28 03:59:53.413 to 2016-02-28 04:14:53.413
2016-02-28 04:14:53  INFO com.jp.supersimplestocks.tradeandstockexchange.TradesQueue - Considering the below trades...
2016-02-28 04:14:53  INFO com.jp.supersimplestocks.tradeandstockexchange.TradesQueue - 2016-02-28 04:09:53.399        TEA   80    SELL  150  
2016-02-28 04:14:53  INFO com.jp.supersimplestocks.tradeandstockexchange.TradesQueue - 2016-02-28 04:06:53.4          GIN   90    BUY   120  
2016-02-28 04:14:53  INFO com.jp.supersimplestocks.tradeandstockexchange.TradesQueue - 2016-02-28 04:02:53.4          POP   100   SELL  130  
2016-02-28 04:14:53  INFO com.jp.supersimplestocks.tradeandstockexchange.TradesQueue - 2016-02-28 04:01:53.4          ALE   110   BUY   140  
2016-02-28 04:14:53  INFO com.jp.supersimplestocks.tradeandstockexchange.TradesQueue - 2016-02-28 04:00:53.4          JOE   120   SELL  110  
2016-02-28 04:14:53  INFO com.jp.supersimplestocks.tradeandstockexchange.TradesQueue - evictionThresholdTimestamp set to 2016-02-28 03:59:53.413
2016-02-28 04:14:53  INFO com.jp.supersimplestocks.tradeandstockexchange.StockThread - GIN   120.00   0.02     6000.00 
2016-02-28 04:14:53  INFO com.jp.supersimplestocks.tradeandstockexchange.StockThread - JOE   110.00   0.12     916.67  
2016-02-28 04:14:53  INFO com.jp.supersimplestocks.tradeandstockexchange.StockThread - ALE   140.00   0.28     823.53  
2016-02-28 04:14:53  INFO com.jp.supersimplestocks.tradeandstockexchange.StockThread - POP   130.00   0.07     1857.15 
2016-02-28 04:14:53  INFO com.jp.supersimplestocks.tradeandstockexchange.StockThread - TEA   150.00   0.00     Na      
2016-02-28 04:14:53  ERROR com.jp.supersimplestocks.tradeandstockexchange.StockThread - calculatePERatio : Dividend yield  could have been zero for : TEA
2016-02-28 04:14:53  INFO com.jp.supersimplestocks.tradeandstockexchange.StockThread - GBCE all share index --> 129.23
2016-02-28 04:14:53  INFO com.jp.supersimplestocks.tradeandstockexchange.StockThread - ---------------------------------------------------------------
2016-02-28 04:14:53  INFO com.jp.supersimplestocks.tradeandstockexchange.StockThread - Got hold of the reading lock..........
2016-02-28 04:14:53  INFO com.jp.supersimplestocks.tradeandstockexchange.StockThread - -------------------------------------------------
2016-02-28 04:14:53  INFO com.jp.supersimplestocks.tradeandstockexchange.StockThread - Symbol StockPrice DividendYield PE Ratio
2016-02-28 04:14:53  INFO com.jp.supersimplestocks.tradeandstockexchange.StockThread - -------------------------------------------------
2016-02-28 04:14:53  INFO com.jp.supersimplestocks.tradeandstockexchange.TradesQueue - Calculate stock price from : 2016-02-28 03:59:53.426 to 2016-02-28 04:14:53.426
2016-02-28 04:14:53  INFO com.jp.supersimplestocks.tradeandstockexchange.TradesQueue - Considering the below trades...
2016-02-28 04:14:53  INFO com.jp.supersimplestocks.tradeandstockexchange.TradesQueue - 2016-02-28 04:14:53.423        ALE   54    SELL  60   
2016-02-28 04:14:53  INFO com.jp.supersimplestocks.tradeandstockexchange.TradesQueue - evictionThresholdTimestamp set to 2016-02-28 03:59:53.426
2016-02-28 04:14:53  INFO com.jp.supersimplestocks.tradeandstockexchange.StockThread - ALE   60.00    0.39     153.85  
2016-02-28 04:14:53  INFO com.jp.supersimplestocks.tradeandstockexchange.StockThread - GBCE all share index --> 2.27
2016-02-28 04:14:53  INFO com.jp.supersimplestocks.tradeandstockexchange.StockThread - ---------------------------------------------------------------
2016-02-28 04:14:58  INFO com.jp.supersimplestocks.tradeandstockexchange.StockThread - Got hold of the reading lock..........
2016-02-28 04:14:58  INFO com.jp.supersimplestocks.tradeandstockexchange.StockThread - -------------------------------------------------
2016-02-28 04:14:58  INFO com.jp.supersimplestocks.tradeandstockexchange.StockThread - Symbol StockPrice DividendYield PE Ratio
2016-02-28 04:14:58  INFO com.jp.supersimplestocks.tradeandstockexchange.StockThread - -------------------------------------------------
2016-02-28 04:14:58  INFO com.jp.supersimplestocks.tradeandstockexchange.TradesQueue - Calculate stock price from : 2016-02-28 03:59:58.431 to 2016-02-28 04:14:58.431
2016-02-28 04:14:58  INFO com.jp.supersimplestocks.tradeandstockexchange.TradesQueue - Considering the below trades...
2016-02-28 04:14:58  INFO com.jp.supersimplestocks.tradeandstockexchange.TradesQueue - 2016-02-28 04:14:53.423        ALE   54    SELL  60   
2016-02-28 04:14:58  INFO com.jp.supersimplestocks.tradeandstockexchange.TradesQueue - 2016-02-28 04:14:53.423        JOE   30    BUY   250  
2016-02-28 04:14:58  INFO com.jp.supersimplestocks.tradeandstockexchange.TradesQueue - 2016-02-28 04:14:53.423        TEA   9     BUY   100  
2016-02-28 04:14:58  INFO com.jp.supersimplestocks.tradeandstockexchange.TradesQueue - 2016-02-28 04:14:53.423        ALE   34    SELL  60   
2016-02-28 04:14:58  INFO com.jp.supersimplestocks.tradeandstockexchange.TradesQueue - 2016-02-28 04:14:53.423        POP   5     SELL  100  
2016-02-28 04:14:58  INFO com.jp.supersimplestocks.tradeandstockexchange.TradesQueue - 2016-02-28 04:14:54.426        GIN   91    BUY   200  
2016-02-28 04:14:58  INFO com.jp.supersimplestocks.tradeandstockexchange.TradesQueue - 2016-02-28 04:14:54.427        ALE   44    SELL  60   
2016-02-28 04:14:58  INFO com.jp.supersimplestocks.tradeandstockexchange.TradesQueue - 2016-02-28 04:14:54.427        ALE   64    BUY   60   
2016-02-28 04:14:58  INFO com.jp.supersimplestocks.tradeandstockexchange.TradesQueue - 2016-02-28 04:14:54.428        ALE   16    BUY   60   
2016-02-28 04:14:58  INFO com.jp.supersimplestocks.tradeandstockexchange.TradesQueue - 2016-02-28 04:14:54.431        JOE   66    BUY   500  
2016-02-28 04:14:58  INFO com.jp.supersimplestocks.tradeandstockexchange.TradesQueue - 2016-02-28 04:14:55.427        GIN   7     SELL  100  
2016-02-28 04:14:58  INFO com.jp.supersimplestocks.tradeandstockexchange.TradesQueue - 2016-02-28 04:14:55.428        POP   59    BUY   100  
2016-02-28 04:14:58  INFO com.jp.supersimplestocks.tradeandstockexchange.TradesQueue - 2016-02-28 04:14:55.428        TEA   73    SELL  200  
2016-02-28 04:14:58  INFO com.jp.supersimplestocks.tradeandstockexchange.TradesQueue - 2016-02-28 04:14:55.429        JOE   97    BUY   250  
2016-02-28 04:14:58  INFO com.jp.supersimplestocks.tradeandstockexchange.TradesQueue - 2016-02-28 04:14:55.432        JOE   39    BUY   500  
2016-02-28 04:14:58  INFO com.jp.supersimplestocks.tradeandstockexchange.TradesQueue - 2016-02-28 04:14:56.428        GIN   96    BUY   200  
2016-02-28 04:14:58  INFO com.jp.supersimplestocks.tradeandstockexchange.TradesQueue - 2016-02-28 04:14:56.432        GIN   44    SELL  100  
2016-02-28 04:14:58  INFO com.jp.supersimplestocks.tradeandstockexchange.TradesQueue - 2016-02-28 04:14:56.43         GIN   12    SELL  100  
2016-02-28 04:14:58  INFO com.jp.supersimplestocks.tradeandstockexchange.TradesQueue - 2016-02-28 04:14:56.429        ALE   84    SELL  120  
2016-02-28 04:14:58  INFO com.jp.supersimplestocks.tradeandstockexchange.TradesQueue - 2016-02-28 04:14:56.428        TEA   69    SELL  100  
2016-02-28 04:14:58  INFO com.jp.supersimplestocks.tradeandstockexchange.TradesQueue - 2016-02-28 04:14:57.437        JOE   88    BUY   250  
2016-02-28 04:14:58  INFO com.jp.supersimplestocks.tradeandstockexchange.TradesQueue - 2016-02-28 04:14:57.438        ALE   94    BUY   120  
2016-02-28 04:14:58  INFO com.jp.supersimplestocks.tradeandstockexchange.TradesQueue - 2016-02-28 04:14:57.437        GIN   42    BUY   200  
2016-02-28 04:14:58  INFO com.jp.supersimplestocks.tradeandstockexchange.TradesQueue - 2016-02-28 04:14:57.439        ALE   46    SELL  60   
2016-02-28 04:14:58  INFO com.jp.supersimplestocks.tradeandstockexchange.TradesQueue - 2016-02-28 04:14:57.447        POP   52    BUY   200  
2016-02-28 04:14:58  INFO com.jp.supersimplestocks.tradeandstockexchange.TradesQueue - evictionThresholdTimestamp set to 2016-02-28 03:59:58.431
2016-02-28 04:14:58  INFO com.jp.supersimplestocks.tradeandstockexchange.StockThread - GIN   288.43   0.02     8921.50 
2016-02-28 04:14:58  INFO com.jp.supersimplestocks.tradeandstockexchange.StockThread - JOE   332.04   0.04     8301.00 
2016-02-28 04:14:58  INFO com.jp.supersimplestocks.tradeandstockexchange.StockThread - ALE   84.50    0.28     301.79  
2016-02-28 04:14:58  INFO com.jp.supersimplestocks.tradeandstockexchange.StockThread - POP   144.83   0.06     2413.84 
2016-02-28 04:14:58  INFO com.jp.supersimplestocks.tradeandstockexchange.StockThread - TEA   148.35   0.00     Na      
2016-02-28 04:14:58  ERROR com.jp.supersimplestocks.tradeandstockexchange.StockThread - calculatePERatio : Dividend yield  could have been zero for : TEA
2016-02-28 04:14:58  INFO com.jp.supersimplestocks.tradeandstockexchange.StockThread - GBCE all share index --> 160.82
2016-02-28 04:14:58  INFO com.jp.supersimplestocks.tradeandstockexchange.StockThread - ---------------------------------------------------------------
2016-02-28 04:15:03  INFO com.jp.supersimplestocks.tradeandstockexchange.StockThread - Got hold of the reading lock..........
2016-02-28 04:15:03  INFO com.jp.supersimplestocks.tradeandstockexchange.StockThread - -------------------------------------------------
2016-02-28 04:15:03  INFO com.jp.supersimplestocks.tradeandstockexchange.StockThread - Symbol StockPrice DividendYield PE Ratio
2016-02-28 04:15:03  INFO com.jp.supersimplestocks.tradeandstockexchange.StockThread - -------------------------------------------------
2016-02-28 04:15:03  INFO com.jp.supersimplestocks.tradeandstockexchange.TradesQueue - Calculate stock price from : 2016-02-28 04:00:03.452 to 2016-02-28 04:15:03.452
2016-02-28 04:15:03  INFO com.jp.supersimplestocks.tradeandstockexchange.TradesQueue - Considering the below trades...
2016-02-28 04:15:03  INFO com.jp.supersimplestocks.tradeandstockexchange.TradesQueue - 2016-02-28 04:10:03.437        TEA   80    SELL  150  
2016-02-28 04:15:03  INFO com.jp.supersimplestocks.tradeandstockexchange.TradesQueue - 2016-02-28 04:07:03.437        GIN   90    BUY   120  
2016-02-28 04:15:03  INFO com.jp.supersimplestocks.tradeandstockexchange.TradesQueue - 2016-02-28 04:03:03.437        POP   100   SELL  130  
2016-02-28 04:15:03  INFO com.jp.supersimplestocks.tradeandstockexchange.TradesQueue - 2016-02-28 04:02:03.437        ALE   110   BUY   140  
2016-02-28 04:15:03  INFO com.jp.supersimplestocks.tradeandstockexchange.TradesQueue - 2016-02-28 04:01:03.437        JOE   120   SELL  110  
2016-02-28 04:15:03  INFO com.jp.supersimplestocks.tradeandstockexchange.TradesQueue - 2016-02-28 04:03:03.437        GIN   100   BUY   130  
2016-02-28 04:15:03  INFO com.jp.supersimplestocks.tradeandstockexchange.TradesQueue - 2016-02-28 04:02:03.437        POP   110   SELL  120  
2016-02-28 04:15:03  INFO com.jp.supersimplestocks.tradeandstockexchange.TradesQueue - 2016-02-28 04:07:03.437        ALE   90    BUY   120  
2016-02-28 04:15:03  INFO com.jp.supersimplestocks.tradeandstockexchange.TradesQueue - 2016-02-28 04:10:03.437        JOE   80    SELL  150  
2016-02-28 04:15:03  INFO com.jp.supersimplestocks.tradeandstockexchange.TradesQueue - 2016-02-28 04:01:03.437        TEA   120   SELL  110  
2016-02-28 04:15:03  INFO com.jp.supersimplestocks.tradeandstockexchange.TradesQueue - evictionThresholdTimestamp set to 2016-02-28 04:00:03.452
2016-02-28 04:15:03  INFO com.jp.supersimplestocks.tradeandstockexchange.StockThread - GIN   125.27   0.02     6263.50 
2016-02-28 04:15:03  INFO com.jp.supersimplestocks.tradeandstockexchange.StockThread - JOE   126.00   0.11     1145.46 
2016-02-28 04:15:03  INFO com.jp.supersimplestocks.tradeandstockexchange.StockThread - ALE   131.00   0.18     727.78  
2016-02-28 04:15:03  INFO com.jp.supersimplestocks.tradeandstockexchange.StockThread - POP   124.77   0.07     2882.43 
2016-02-28 04:15:03  INFO com.jp.supersimplestocks.tradeandstockexchange.StockThread - TEA   126.00   0.00     Na      
2016-02-28 04:15:03  ERROR com.jp.supersimplestocks.tradeandstockexchange.StockThread - calculatePERatio : Dividend yield  could have been zero for : TEA
2016-02-28 04:15:03  INFO com.jp.supersimplestocks.tradeandstockexchange.StockThread - GBCE all share index --> 126.59
2016-02-28 04:15:03  INFO com.jp.supersimplestocks.tradeandstockexchange.StockThread - ---------------------------------------------------------------
2016-02-28 04:15:02  INFO com.jp.supersimplestocks.tradeandstockexchange.StockThread - Got hold of the reading lock..........
2016-02-28 04:15:02  INFO com.jp.supersimplestocks.tradeandstockexchange.StockThread - -------------------------------------------------
2016-02-28 04:15:02  INFO com.jp.supersimplestocks.tradeandstockexchange.StockThread - Symbol StockPrice DividendYield PE Ratio
2016-02-28 04:15:02  INFO com.jp.supersimplestocks.tradeandstockexchange.StockThread - -------------------------------------------------
2016-02-28 04:15:02  INFO com.jp.supersimplestocks.tradeandstockexchange.TradesQueue - Calculate stock price from : 2016-02-28 04:00:02.168 to 2016-02-28 04:15:02.168
2016-02-28 04:15:02  INFO com.jp.supersimplestocks.tradeandstockexchange.TradesQueue - Considering the below trades...
2016-02-28 04:15:02  INFO com.jp.supersimplestocks.tradeandstockexchange.TradesQueue - 2016-02-28 04:10:02.152        TEA   80    SELL  150  
2016-02-28 04:15:02  INFO com.jp.supersimplestocks.tradeandstockexchange.TradesQueue - 2016-02-28 04:07:02.153        GIN   90    BUY   120  
2016-02-28 04:15:02  INFO com.jp.supersimplestocks.tradeandstockexchange.TradesQueue - 2016-02-28 04:03:02.153        POP   100   SELL  130  
2016-02-28 04:15:02  INFO com.jp.supersimplestocks.tradeandstockexchange.TradesQueue - 2016-02-28 04:02:02.153        ALE   110   BUY   140  
2016-02-28 04:15:02  INFO com.jp.supersimplestocks.tradeandstockexchange.TradesQueue - 2016-02-28 04:01:02.153        JOE   120   SELL  110  
2016-02-28 04:15:02  INFO com.jp.supersimplestocks.tradeandstockexchange.TradesQueue - evictionThresholdTimestamp set to 2016-02-28 04:00:02.168
2016-02-28 04:15:02  INFO com.jp.supersimplestocks.tradeandstockexchange.StockThread - GIN   120.00   0.02     6000.00 
2016-02-28 04:15:02  INFO com.jp.supersimplestocks.tradeandstockexchange.StockThread - JOE   110.00   0.12     916.67  
2016-02-28 04:15:02  INFO com.jp.supersimplestocks.tradeandstockexchange.StockThread - ALE   140.00   0.28     823.53  
2016-02-28 04:15:02  INFO com.jp.supersimplestocks.tradeandstockexchange.StockThread - POP   130.00   0.07     1857.15 
2016-02-28 04:15:02  INFO com.jp.supersimplestocks.tradeandstockexchange.StockThread - TEA   150.00   0.00     Na      
2016-02-28 04:15:02  ERROR com.jp.supersimplestocks.tradeandstockexchange.StockThread - calculatePERatio : Dividend yield  could have been zero for : TEA
2016-02-28 04:15:02  INFO com.jp.supersimplestocks.tradeandstockexchange.StockThread - GBCE all share index --> 129.23
2016-02-28 04:15:02  INFO com.jp.supersimplestocks.tradeandstockexchange.StockThread - ---------------------------------------------------------------
2016-02-28 04:15:02  INFO com.jp.supersimplestocks.tradeandstockexchange.StockThread - Got hold of the reading lock..........
2016-02-28 04:15:02  INFO com.jp.supersimplestocks.tradeandstockexchange.StockThread - -------------------------------------------------
2016-02-28 04:15:02  INFO com.jp.supersimplestocks.tradeandstockexchange.StockThread - Symbol StockPrice DividendYield PE Ratio
2016-02-28 04:15:02  INFO com.jp.supersimplestocks.tradeandstockexchange.StockThread - -------------------------------------------------
2016-02-28 04:15:02  INFO com.jp.supersimplestocks.tradeandstockexchange.TradesQueue - Calculate stock price from : 2016-02-28 04:00:02.182 to 2016-02-28 04:15:02.182
2016-02-28 04:15:02  INFO com.jp.supersimplestocks.tradeandstockexchange.TradesQueue - Considering the below trades...
2016-02-28 04:15:02  INFO com.jp.supersimplestocks.tradeandstockexchange.TradesQueue - 2016-02-28 04:15:02.288        TEA   52    BUY   200  
2016-02-28 04:15:02  INFO com.jp.supersimplestocks.tradeandstockexchange.TradesQueue - 2016-02-28 04:15:02.288        ALE   3     BUY   120  
2016-02-28 04:15:02  INFO com.jp.supersimplestocks.tradeandstockexchange.TradesQueue - 2016-02-28 04:15:02.288        ALE   72    BUY   120  
2016-02-28 04:15:02  INFO com.jp.supersimplestocks.tradeandstockexchange.TradesQueue - 2016-02-28 04:15:02.288        TEA   70    SELL  100  
2016-02-28 04:15:02  INFO com.jp.supersimplestocks.tradeandstockexchange.TradesQueue - 2016-02-28 04:15:02.288        GIN   4     BUY   200  
2016-02-28 04:15:02  INFO com.jp.supersimplestocks.tradeandstockexchange.TradesQueue - evictionThresholdTimestamp set to 2016-02-28 04:00:02.182
2016-02-28 04:15:02  INFO com.jp.supersimplestocks.tradeandstockexchange.StockThread - GIN   200.00   0.01     20000.00
2016-02-28 04:15:02  INFO com.jp.supersimplestocks.tradeandstockexchange.StockThread - ALE   120.00   0.20     600.00  
2016-02-28 04:15:02  INFO com.jp.supersimplestocks.tradeandstockexchange.StockThread - TEA   142.63   0.00     Na      
2016-02-28 04:15:02  ERROR com.jp.supersimplestocks.tradeandstockexchange.StockThread - calculatePERatio : Dividend yield  could have been zero for : TEA
2016-02-28 04:15:02  INFO com.jp.supersimplestocks.tradeandstockexchange.StockThread - GBCE all share index --> 20.28
2016-02-28 04:15:02  INFO com.jp.supersimplestocks.tradeandstockexchange.StockThread - ---------------------------------------------------------------
2016-02-28 04:15:13  INFO com.jp.supersimplestocks.tradeandstockexchange.StockThread - Got hold of the reading lock..........
2016-02-28 04:15:13  INFO com.jp.supersimplestocks.tradeandstockexchange.StockThread - -------------------------------------------------
2016-02-28 04:15:13  INFO com.jp.supersimplestocks.tradeandstockexchange.StockThread - Symbol StockPrice DividendYield PE Ratio
2016-02-28 04:15:13  INFO com.jp.supersimplestocks.tradeandstockexchange.StockThread - -------------------------------------------------
2016-02-28 04:15:13  INFO com.jp.supersimplestocks.tradeandstockexchange.TradesQueue - Calculate stock price from : 2016-02-28 04:00:13.194 to 2016-02-28 04:15:13.194
2016-02-28 04:15:13  INFO com.jp.supersimplestocks.tradeandstockexchange.TradesQueue - Considering the below trades...
2016-02-28 04:15:13  INFO com.jp.supersimplestocks.tradeandstockexchange.TradesQueue - 2016-02-28 04:15:02.288        TEA   52    BUY   200  
2016-02-28 04:15:13  INFO com.jp.supersimplestocks.tradeandstockexchange.TradesQueue - 2016-02-28 04:15:02.288        ALE   3     BUY   120  
2016-02-28 04:15:13  INFO com.jp.supersimplestocks.tradeandstockexchange.TradesQueue - 2016-02-28 04:15:02.288        ALE   72    BUY   120  
2016-02-28 04:15:13  INFO com.jp.supersimplestocks.tradeandstockexchange.TradesQueue - 2016-02-28 04:15:02.288        TEA   70    SELL  100  
2016-02-28 04:15:13  INFO com.jp.supersimplestocks.tradeandstockexchange.TradesQueue - 2016-02-28 04:15:02.288        GIN   4     BUY   200  
2016-02-28 04:15:13  INFO com.jp.supersimplestocks.tradeandstockexchange.TradesQueue - 2016-02-28 04:15:09.18         ALE   56    BUY   120  
2016-02-28 04:15:13  INFO com.jp.supersimplestocks.tradeandstockexchange.TradesQueue - 2016-02-28 04:15:09.181        GIN   25    SELL  200  
2016-02-28 04:15:13  INFO com.jp.supersimplestocks.tradeandstockexchange.TradesQueue - 2016-02-28 04:15:09.181        ALE   59    SELL  60   
2016-02-28 04:15:13  INFO com.jp.supersimplestocks.tradeandstockexchange.TradesQueue - 2016-02-28 04:15:09.181        TEA   4     SELL  200  
2016-02-28 04:15:13  INFO com.jp.supersimplestocks.tradeandstockexchange.TradesQueue - 2016-02-28 04:15:09.181        ALE   37    BUY   120  
2016-02-28 04:15:13  INFO com.jp.supersimplestocks.tradeandstockexchange.TradesQueue - 2016-02-28 04:15:10.18         JOE   15    BUY   250  
2016-02-28 04:15:13  INFO com.jp.supersimplestocks.tradeandstockexchange.TradesQueue - 2016-02-28 04:15:10.181        TEA   60    BUY   100  
2016-02-28 04:15:13  INFO com.jp.supersimplestocks.tradeandstockexchange.TradesQueue - 2016-02-28 04:15:10.181        GIN   53    SELL  200  
2016-02-28 04:15:13  INFO com.jp.supersimplestocks.tradeandstockexchange.TradesQueue - 2016-02-28 04:15:10.181        POP   26    SELL  200  
2016-02-28 04:15:13  INFO com.jp.supersimplestocks.tradeandstockexchange.TradesQueue - 2016-02-28 04:15:10.182        GIN   14    BUY   100  
2016-02-28 04:15:13  INFO com.jp.supersimplestocks.tradeandstockexchange.TradesQueue - 2016-02-28 04:15:11.181        GIN   33    SELL  200  
2016-02-28 04:15:13  INFO com.jp.supersimplestocks.tradeandstockexchange.TradesQueue - 2016-02-28 04:15:11.183        POP   83    SELL  100  
2016-02-28 04:15:13  INFO com.jp.supersimplestocks.tradeandstockexchange.TradesQueue - 2016-02-28 04:15:11.182        TEA   54    SELL  100  
2016-02-28 04:15:13  INFO com.jp.supersimplestocks.tradeandstockexchange.TradesQueue - 2016-02-28 04:15:11.182        POP   76    SELL  100  
2016-02-28 04:15:13  INFO com.jp.supersimplestocks.tradeandstockexchange.TradesQueue - 2016-02-28 04:15:11.182        POP   22    SELL  100  
2016-02-28 04:15:13  INFO com.jp.supersimplestocks.tradeandstockexchange.TradesQueue - 2016-02-28 04:15:12.185        POP   50    SELL  200  
2016-02-28 04:15:13  INFO com.jp.supersimplestocks.tradeandstockexchange.TradesQueue - 2016-02-28 04:15:12.185        TEA   19    BUY   200  
2016-02-28 04:15:13  INFO com.jp.supersimplestocks.tradeandstockexchange.TradesQueue - 2016-02-28 04:15:12.185        GIN   96    BUY   100  
2016-02-28 04:15:13  INFO com.jp.supersimplestocks.tradeandstockexchange.TradesQueue - 2016-02-28 04:15:12.186        POP   54    BUY   100  
2016-02-28 04:15:13  INFO com.jp.supersimplestocks.tradeandstockexchange.TradesQueue - 2016-02-28 04:15:12.189        TEA   59    SELL  200  
2016-02-28 04:15:13  INFO com.jp.supersimplestocks.tradeandstockexchange.TradesQueue - 2016-02-28 04:15:13.185        ALE   88    SELL  120  
2016-02-28 04:15:13  INFO com.jp.supersimplestocks.tradeandstockexchange.TradesQueue - 2016-02-28 04:15:13.185        POP   62    SELL  200  
2016-02-28 04:15:13  INFO com.jp.supersimplestocks.tradeandstockexchange.TradesQueue - 2016-02-28 04:15:13.185        ALE   87    SELL  120  
2016-02-28 04:15:13  INFO com.jp.supersimplestocks.tradeandstockexchange.TradesQueue - evictionThresholdTimestamp set to 2016-02-28 04:00:13.194
2016-02-28 04:15:13  INFO com.jp.supersimplestocks.tradeandstockexchange.StockThread - GIN   151.12   0.02     7556.00 
2016-02-28 04:15:13  INFO com.jp.supersimplestocks.tradeandstockexchange.StockThread - JOE   250.00   0.06     4166.67 
2016-02-28 04:15:13  INFO com.jp.supersimplestocks.tradeandstockexchange.StockThread - ALE   111.20   0.21     529.53  
2016-02-28 04:15:13  INFO com.jp.supersimplestocks.tradeandstockexchange.StockThread - POP   137.00   0.06     2283.34 
2016-02-28 04:15:13  INFO com.jp.supersimplestocks.tradeandstockexchange.StockThread - TEA   142.14   0.00     Na      
2016-02-28 04:15:13  ERROR com.jp.supersimplestocks.tradeandstockexchange.StockThread - calculatePERatio : Dividend yield  could have been zero for : TEA
2016-02-28 04:15:13  INFO com.jp.supersimplestocks.tradeandstockexchange.StockThread - GBCE all share index --> 152.26
2016-02-28 04:15:13  INFO com.jp.supersimplestocks.tradeandstockexchange.StockThread - ---------------------------------------------------------------
2016-02-28 04:15:18  INFO com.jp.supersimplestocks.tradeandstockexchange.StockThread - Got hold of the reading lock..........
2016-02-28 04:15:18  INFO com.jp.supersimplestocks.tradeandstockexchange.StockThread - -------------------------------------------------
2016-02-28 04:15:18  INFO com.jp.supersimplestocks.tradeandstockexchange.StockThread - Symbol StockPrice DividendYield PE Ratio
2016-02-28 04:15:18  INFO com.jp.supersimplestocks.tradeandstockexchange.StockThread - -------------------------------------------------
2016-02-28 04:15:18  INFO com.jp.supersimplestocks.tradeandstockexchange.TradesQueue - Calculate stock price from : 2016-02-28 04:00:18.194 to 2016-02-28 04:15:18.194
2016-02-28 04:15:18  INFO com.jp.supersimplestocks.tradeandstockexchange.TradesQueue - Considering the below trades...
2016-02-28 04:15:18  INFO com.jp.supersimplestocks.tradeandstockexchange.TradesQueue - 2016-02-28 04:10:18.187        TEA   80    SELL  150  
2016-02-28 04:15:18  INFO com.jp.supersimplestocks.tradeandstockexchange.TradesQueue - 2016-02-28 04:07:18.187        GIN   90    BUY   120  
2016-02-28 04:15:18  INFO com.jp.supersimplestocks.tradeandstockexchange.TradesQueue - 2016-02-28 04:03:18.187        POP   100   SELL  130  
2016-02-28 04:15:18  INFO com.jp.supersimplestocks.tradeandstockexchange.TradesQueue - 2016-02-28 04:02:18.187        ALE   110   BUY   140  
2016-02-28 04:15:18  INFO com.jp.supersimplestocks.tradeandstockexchange.TradesQueue - 2016-02-28 04:01:18.187        JOE   120   SELL  110  
2016-02-28 04:15:18  INFO com.jp.supersimplestocks.tradeandstockexchange.TradesQueue - 2016-02-28 04:03:18.187        GIN   100   BUY   130  
2016-02-28 04:15:18  INFO com.jp.supersimplestocks.tradeandstockexchange.TradesQueue - 2016-02-28 04:02:18.187        POP   110   SELL  120  
2016-02-28 04:15:18  INFO com.jp.supersimplestocks.tradeandstockexchange.TradesQueue - 2016-02-28 04:07:18.187        ALE   90    BUY   120  
2016-02-28 04:15:18  INFO com.jp.supersimplestocks.tradeandstockexchange.TradesQueue - 2016-02-28 04:10:18.187        JOE   80    SELL  150  
2016-02-28 04:15:18  INFO com.jp.supersimplestocks.tradeandstockexchange.TradesQueue - 2016-02-28 04:01:18.187        TEA   120   SELL  110  
2016-02-28 04:15:18  INFO com.jp.supersimplestocks.tradeandstockexchange.TradesQueue - evictionThresholdTimestamp set to 2016-02-28 04:00:18.194
2016-02-28 04:15:18  INFO com.jp.supersimplestocks.tradeandstockexchange.StockThread - GIN   125.27   0.02     6263.50 
2016-02-28 04:15:18  INFO com.jp.supersimplestocks.tradeandstockexchange.StockThread - JOE   126.00   0.11     1145.46 
2016-02-28 04:15:18  INFO com.jp.supersimplestocks.tradeandstockexchange.StockThread - ALE   131.00   0.18     727.78  
2016-02-28 04:15:18  INFO com.jp.supersimplestocks.tradeandstockexchange.StockThread - POP   124.77   0.07     2882.43 
2016-02-28 04:15:18  INFO com.jp.supersimplestocks.tradeandstockexchange.StockThread - TEA   126.00   0.00     Na      
2016-02-28 04:15:18  ERROR com.jp.supersimplestocks.tradeandstockexchange.StockThread - calculatePERatio : Dividend yield  could have been zero for : TEA
2016-02-28 04:15:18  INFO com.jp.supersimplestocks.tradeandstockexchange.StockThread - GBCE all share index --> 126.59
2016-02-28 04:15:18  INFO com.jp.supersimplestocks.tradeandstockexchange.StockThread - ---------------------------------------------------------------
2016-02-28 04:15:23  INFO com.jp.supersimplestocks.tradeandstockexchange.StockThread - Got hold of the reading lock..........
2016-02-28 04:15:23  INFO com.jp.supersimplestocks.tradeandstockexchange.StockThread - -------------------------------------------------
2016-02-28 04:15:23  INFO com.jp.supersimplestocks.tradeandstockexchange.StockThread - Symbol StockPrice DividendYield PE Ratio
2016-02-28 04:15:23  INFO com.jp.supersimplestocks.tradeandstockexchange.StockThread - -------------------------------------------------
2016-02-28 04:15:23  INFO com.jp.supersimplestocks.tradeandstockexchange.TradesQueue - Calculate stock price from : 2016-02-28 04:00:23.006 to 2016-02-28 04:15:23.006
2016-02-28 04:15:23  INFO com.jp.supersimplestocks.tradeandstockexchange.TradesQueue - Considering the below trades...
2016-02-28 04:15:23  INFO com.jp.supersimplestocks.tradeandstockexchange.TradesQueue - 2016-02-28 04:10:22.987        TEA   80    SELL  150  
2016-02-28 04:15:23  INFO com.jp.supersimplestocks.tradeandstockexchange.TradesQueue - 2016-02-28 04:07:22.987        GIN   90    BUY   120  
2016-02-28 04:15:23  INFO com.jp.supersimplestocks.tradeandstockexchange.TradesQueue - 2016-02-28 04:03:22.987        POP   100   SELL  130  
2016-02-28 04:15:23  INFO com.jp.supersimplestocks.tradeandstockexchange.TradesQueue - 2016-02-28 04:02:22.987        ALE   110   BUY   140  
2016-02-28 04:15:23  INFO com.jp.supersimplestocks.tradeandstockexchange.TradesQueue - 2016-02-28 04:01:22.987        JOE   120   SELL  110  
2016-02-28 04:15:23  INFO com.jp.supersimplestocks.tradeandstockexchange.TradesQueue - evictionThresholdTimestamp set to 2016-02-28 04:00:23.006
2016-02-28 04:15:23  INFO com.jp.supersimplestocks.tradeandstockexchange.StockThread - GIN   120.00   0.02     6000.00 
2016-02-28 04:15:23  INFO com.jp.supersimplestocks.tradeandstockexchange.StockThread - JOE   110.00   0.12     916.67  
2016-02-28 04:15:23  INFO com.jp.supersimplestocks.tradeandstockexchange.StockThread - ALE   140.00   0.28     823.53  
2016-02-28 04:15:23  INFO com.jp.supersimplestocks.tradeandstockexchange.StockThread - POP   130.00   0.07     1857.15 
2016-02-28 04:15:23  INFO com.jp.supersimplestocks.tradeandstockexchange.StockThread - TEA   150.00   0.00     Na      
2016-02-28 04:15:23  ERROR com.jp.supersimplestocks.tradeandstockexchange.StockThread - calculatePERatio : Dividend yield  could have been zero for : TEA
2016-02-28 04:15:23  INFO com.jp.supersimplestocks.tradeandstockexchange.StockThread - GBCE all share index --> 129.23
2016-02-28 04:15:23  INFO com.jp.supersimplestocks.tradeandstockexchange.StockThread - ---------------------------------------------------------------
2016-02-28 04:15:23  INFO com.jp.supersimplestocks.tradeandstockexchange.StockThread - Got hold of the reading lock..........
2016-02-28 04:15:23  INFO com.jp.supersimplestocks.tradeandstockexchange.StockThread - -------------------------------------------------
2016-02-28 04:15:23  INFO com.jp.supersimplestocks.tradeandstockexchange.StockThread - Symbol StockPrice DividendYield PE Ratio
2016-02-28 04:15:23  INFO com.jp.supersimplestocks.tradeandstockexchange.StockThread - -------------------------------------------------
2016-02-28 04:15:23  INFO com.jp.supersimplestocks.tradeandstockexchange.TradesQueue - Calculate stock price from : 2016-02-28 04:00:23.025 to 2016-02-28 04:15:23.025
2016-02-28 04:15:23  INFO com.jp.supersimplestocks.tradeandstockexchange.TradesQueue - Considering the below trades...
2016-02-28 04:15:23  INFO com.jp.supersimplestocks.tradeandstockexchange.TradesQueue - 2016-02-28 04:15:23.02         GIN   90    SELL  200  
2016-02-28 04:15:23  INFO com.jp.supersimplestocks.tradeandstockexchange.TradesQueue - 2016-02-28 04:15:23.02         JOE   28    BUY   250  
2016-02-28 04:15:23  INFO com.jp.supersimplestocks.tradeandstockexchange.TradesQueue - 2016-02-28 04:15:23.02         POP   27    BUY   100  
2016-02-28 04:15:23  INFO com.jp.supersimplestocks.tradeandstockexchange.TradesQueue - 2016-02-28 04:15:23.02         GIN   44    SELL  100  
2016-02-28 04:15:23  INFO com.jp.supersimplestocks.tradeandstockexchange.TradesQueue - 2016-02-28 04:15:23.02         GIN   19    BUY   100  
2016-02-28 04:15:23  INFO com.jp.supersimplestocks.tradeandstockexchange.TradesQueue - evictionThresholdTimestamp set to 2016-02-28 04:00:23.025
2016-02-28 04:15:23  INFO com.jp.supersimplestocks.tradeandstockexchange.StockThread - GIN   158.83   0.02     7941.50 
2016-02-28 04:15:23  INFO com.jp.supersimplestocks.tradeandstockexchange.StockThread - JOE   250.00   0.06     4166.67 
2016-02-28 04:15:23  INFO com.jp.supersimplestocks.tradeandstockexchange.StockThread - POP   100.00   0.02     1250.00 
2016-02-28 04:15:23  INFO com.jp.supersimplestocks.tradeandstockexchange.StockThread - GBCE all share index --> 20.89
2016-02-28 04:15:23  INFO com.jp.supersimplestocks.tradeandstockexchange.StockThread - ---------------------------------------------------------------
2016-02-28 04:15:28  INFO com.jp.supersimplestocks.tradeandstockexchange.StockThread - Got hold of the reading lock..........
2016-02-28 04:15:28  INFO com.jp.supersimplestocks.tradeandstockexchange.StockThread - -------------------------------------------------
2016-02-28 04:15:28  INFO com.jp.supersimplestocks.tradeandstockexchange.StockThread - Symbol StockPrice DividendYield PE Ratio
2016-02-28 04:15:28  INFO com.jp.supersimplestocks.tradeandstockexchange.StockThread - -------------------------------------------------
2016-02-28 04:15:28  INFO com.jp.supersimplestocks.tradeandstockexchange.TradesQueue - Calculate stock price from : 2016-02-28 04:00:28.041 to 2016-02-28 04:15:28.041
2016-02-28 04:15:28  INFO com.jp.supersimplestocks.tradeandstockexchange.TradesQueue - Considering the below trades...
2016-02-28 04:15:28  INFO com.jp.supersimplestocks.tradeandstockexchange.TradesQueue - 2016-02-28 04:15:23.02         GIN   90    SELL  200  
2016-02-28 04:15:28  INFO com.jp.supersimplestocks.tradeandstockexchange.TradesQueue - 2016-02-28 04:15:23.02         JOE   28    BUY   250  
2016-02-28 04:15:28  INFO com.jp.supersimplestocks.tradeandstockexchange.TradesQueue - 2016-02-28 04:15:23.02         POP   27    BUY   100  
2016-02-28 04:15:28  INFO com.jp.supersimplestocks.tradeandstockexchange.TradesQueue - 2016-02-28 04:15:23.02         GIN   44    SELL  100  
2016-02-28 04:15:28  INFO com.jp.supersimplestocks.tradeandstockexchange.TradesQueue - 2016-02-28 04:15:23.02         GIN   19    BUY   100  
2016-02-28 04:15:28  INFO com.jp.supersimplestocks.tradeandstockexchange.TradesQueue - 2016-02-28 04:15:24.024        JOE   76    BUY   500  
2016-02-28 04:15:28  INFO com.jp.supersimplestocks.tradeandstockexchange.TradesQueue - 2016-02-28 04:15:24.025        ALE   3     SELL  120  
2016-02-28 04:15:28  INFO com.jp.supersimplestocks.tradeandstockexchange.TradesQueue - 2016-02-28 04:15:24.025        JOE   54    BUY   250  
2016-02-28 04:15:28  INFO com.jp.supersimplestocks.tradeandstockexchange.TradesQueue - 2016-02-28 04:15:24.025        TEA   28    SELL  100  
2016-02-28 04:15:28  INFO com.jp.supersimplestocks.tradeandstockexchange.TradesQueue - 2016-02-28 04:15:24.025        GIN   12    BUY   200  
2016-02-28 04:15:28  INFO com.jp.supersimplestocks.tradeandstockexchange.TradesQueue - 2016-02-28 04:15:25.024        JOE   88    BUY   250  
2016-02-28 04:15:28  INFO com.jp.supersimplestocks.tradeandstockexchange.TradesQueue - 2016-02-28 04:15:25.025        GIN   60    BUY   200  
2016-02-28 04:15:28  INFO com.jp.supersimplestocks.tradeandstockexchange.TradesQueue - 2016-02-28 04:15:25.025        POP   49    SELL  100  
2016-02-28 04:15:28  INFO com.jp.supersimplestocks.tradeandstockexchange.TradesQueue - 2016-02-28 04:15:25.025        TEA   82    BUY   100  
2016-02-28 04:15:28  INFO com.jp.supersimplestocks.tradeandstockexchange.TradesQueue - 2016-02-28 04:15:25.026        ALE   46    BUY   120  
2016-02-28 04:15:28  INFO com.jp.supersimplestocks.tradeandstockexchange.TradesQueue - 2016-02-28 04:15:26.024        ALE   31    SELL  60   
2016-02-28 04:15:28  INFO com.jp.supersimplestocks.tradeandstockexchange.TradesQueue - 2016-02-28 04:15:26.026        ALE   97    BUY   60   
2016-02-28 04:15:28  INFO com.jp.supersimplestocks.tradeandstockexchange.TradesQueue - 2016-02-28 04:15:26.025        JOE   21    SELL  500  
2016-02-28 04:15:28  INFO com.jp.supersimplestocks.tradeandstockexchange.TradesQueue - 2016-02-28 04:15:26.025        TEA   95    SELL  200  
2016-02-28 04:15:28  INFO com.jp.supersimplestocks.tradeandstockexchange.TradesQueue - 2016-02-28 04:15:26.025        ALE   54    BUY   60   
2016-02-28 04:15:28  INFO com.jp.supersimplestocks.tradeandstockexchange.TradesQueue - 2016-02-28 04:15:27.031        GIN   4     BUY   100  
2016-02-28 04:15:28  INFO com.jp.supersimplestocks.tradeandstockexchange.TradesQueue - 2016-02-28 04:15:27.031        ALE   75    BUY   60   
2016-02-28 04:15:28  INFO com.jp.supersimplestocks.tradeandstockexchange.TradesQueue - 2016-02-28 04:15:27.032        TEA   28    SELL  100  
2016-02-28 04:15:28  INFO com.jp.supersimplestocks.tradeandstockexchange.TradesQueue - 2016-02-28 04:15:27.032        TEA   90    BUY   200  
2016-02-28 04:15:28  INFO com.jp.supersimplestocks.tradeandstockexchange.TradesQueue - 2016-02-28 04:15:27.035        TEA   21    BUY   100  
2016-02-28 04:15:28  INFO com.jp.supersimplestocks.tradeandstockexchange.TradesQueue - 2016-02-28 04:15:28.031        GIN   23    BUY   100  
2016-02-28 04:15:28  INFO com.jp.supersimplestocks.tradeandstockexchange.TradesQueue - 2016-02-28 04:15:28.032        POP   42    BUY   200  
2016-02-28 04:15:28  INFO com.jp.supersimplestocks.tradeandstockexchange.TradesQueue - 2016-02-28 04:15:28.031        ALE   75    SELL  120  
2016-02-28 04:15:28  INFO com.jp.supersimplestocks.tradeandstockexchange.TradesQueue - evictionThresholdTimestamp set to 2016-02-28 04:00:28.041
2016-02-28 04:15:28  INFO com.jp.supersimplestocks.tradeandstockexchange.StockThread - GIN   164.29   0.02     8214.50 
2016-02-28 04:15:28  INFO com.jp.supersimplestocks.tradeandstockexchange.StockThread - JOE   344.73   0.04     8618.25 
2016-02-28 04:15:28  INFO com.jp.supersimplestocks.tradeandstockexchange.StockThread - ALE   79.53    0.29     274.25  
2016-02-28 04:15:28  INFO com.jp.supersimplestocks.tradeandstockexchange.StockThread - POP   135.60   0.06     2260.00 
2016-02-28 04:15:28  INFO com.jp.supersimplestocks.tradeandstockexchange.StockThread - TEA   153.78   0.00     Na      
2016-02-28 04:15:28  ERROR com.jp.supersimplestocks.tradeandstockexchange.StockThread - calculatePERatio : Dividend yield  could have been zero for : TEA
2016-02-28 04:15:28  INFO com.jp.supersimplestocks.tradeandstockexchange.StockThread - GBCE all share index --> 156.52
2016-02-28 04:15:28  INFO com.jp.supersimplestocks.tradeandstockexchange.StockThread - ---------------------------------------------------------------
2016-02-28 04:15:33  INFO com.jp.supersimplestocks.tradeandstockexchange.StockThread - Got hold of the reading lock..........
2016-02-28 04:15:33  INFO com.jp.supersimplestocks.tradeandstockexchange.StockThread - -------------------------------------------------
2016-02-28 04:15:33  INFO com.jp.supersimplestocks.tradeandstockexchange.StockThread - Symbol StockPrice DividendYield PE Ratio
2016-02-28 04:15:33  INFO com.jp.supersimplestocks.tradeandstockexchange.StockThread - -------------------------------------------------
2016-02-28 04:15:33  INFO com.jp.supersimplestocks.tradeandstockexchange.TradesQueue - Calculate stock price from : 2016-02-28 04:00:33.04 to 2016-02-28 04:15:33.04
2016-02-28 04:15:33  INFO com.jp.supersimplestocks.tradeandstockexchange.TradesQueue - Considering the below trades...
2016-02-28 04:15:33  INFO com.jp.supersimplestocks.tradeandstockexchange.TradesQueue - 2016-02-28 04:10:33.032        TEA   80    SELL  150  
2016-02-28 04:15:33  INFO com.jp.supersimplestocks.tradeandstockexchange.TradesQueue - 2016-02-28 04:07:33.032        GIN   90    BUY   120  
2016-02-28 04:15:33  INFO com.jp.supersimplestocks.tradeandstockexchange.TradesQueue - 2016-02-28 04:03:33.032        POP   100   SELL  130  
2016-02-28 04:15:33  INFO com.jp.supersimplestocks.tradeandstockexchange.TradesQueue - 2016-02-28 04:02:33.032        ALE   110   BUY   140  
2016-02-28 04:15:33  INFO com.jp.supersimplestocks.tradeandstockexchange.TradesQueue - 2016-02-28 04:01:33.032        JOE   120   SELL  110  
2016-02-28 04:15:33  INFO com.jp.supersimplestocks.tradeandstockexchange.TradesQueue - 2016-02-28 04:03:33.032        GIN   100   BUY   130  
2016-02-28 04:15:33  INFO com.jp.supersimplestocks.tradeandstockexchange.TradesQueue - 2016-02-28 04:02:33.032        POP   110   SELL  120  
2016-02-28 04:15:33  INFO com.jp.supersimplestocks.tradeandstockexchange.TradesQueue - 2016-02-28 04:07:33.032        ALE   90    BUY   120  
2016-02-28 04:15:33  INFO com.jp.supersimplestocks.tradeandstockexchange.TradesQueue - 2016-02-28 04:10:33.032        JOE   80    SELL  150  
2016-02-28 04:15:33  INFO com.jp.supersimplestocks.tradeandstockexchange.TradesQueue - 2016-02-28 04:01:33.032        TEA   120   SELL  110  
2016-02-28 04:15:33  INFO com.jp.supersimplestocks.tradeandstockexchange.TradesQueue - evictionThresholdTimestamp set to 2016-02-28 04:00:33.04
2016-02-28 04:15:33  INFO com.jp.supersimplestocks.tradeandstockexchange.StockThread - GIN   125.27   0.02     6263.50 
2016-02-28 04:15:33  INFO com.jp.supersimplestocks.tradeandstockexchange.StockThread - JOE   126.00   0.11     1145.46 
2016-02-28 04:15:33  INFO com.jp.supersimplestocks.tradeandstockexchange.StockThread - ALE   131.00   0.18     727.78  
2016-02-28 04:15:33  INFO com.jp.supersimplestocks.tradeandstockexchange.StockThread - POP   124.77   0.07     2882.43 
2016-02-28 04:15:33  INFO com.jp.supersimplestocks.tradeandstockexchange.StockThread - TEA   126.00   0.00     Na      
2016-02-28 04:15:33  ERROR com.jp.supersimplestocks.tradeandstockexchange.StockThread - calculatePERatio : Dividend yield  could have been zero for : TEA
2016-02-28 04:15:33  INFO com.jp.supersimplestocks.tradeandstockexchange.StockThread - GBCE all share index --> 126.59
2016-02-28 04:15:33  INFO com.jp.supersimplestocks.tradeandstockexchange.StockThread - ---------------------------------------------------------------
