2016-02-28 04:14:23  INFO com.jp.supersimplestocks.tradeandstockexchange.TradesQueue - 2016-02-28 04:14:23.407        ALE   11    SELL  60   
2016-02-28 04:14:23  INFO com.jp.supersimplestocks.tradeandstockexchange.TradesQueue - 2016-02-28 04:14:23.402        JOE   86    BUY   250  
2016-02-28 04:14:23  INFO com.jp.supersimplestocks.tradeandstockexchange.TradesQueue - 2016-02-28 04:14:23.407        GIN   5     SELL  200  
2016-02-28 04:14:23  INFO com.jp.supersimplestocks.tradeandstockexchange.TradesQueue - 2016-02-28 04:14:23.407        ALE   11    BUY   120  
2016-02-28 04:14:23  INFO com.jp.supersimplestocks.tradeandstockexchange.TradesQueue - 2016-02-28 04:14:23.407        TEA   95    BUY   100  
2016-02-28 04:14:24  INFO com.jp.supersimplestocks.tradeandstockexchange.TradesQueue - 2016-02-28 04:14:24.411        TEA   97    BUY   100  
2016-02-28 04:14:24  INFO com.jp.supersimplestocks.tradeandstockexchange.TradesQueue - 2016-02-28 04:14:24.415        JOE   12    SELL  500  
2016-02-28 04:14:24  INFO com.jp.supersimplestocks.tradeandstockexchange.TradesQueue - 2016-02-28 04:14:24.416        POP   29    SELL  100  
2016-02-28 04:14:24  INFO com.jp.supersimplestocks.tradeandstockexchange.TradesQueue - 2016-02-28 04:14:24.416        TEA   34    BUY   200  
2016-02-28 04:14:24  INFO com.jp.supersimplestocks.tradeandstockexchange.TradesQueue - 2016-02-28 04:14:24.416        TEA   52    SELL  200  
2016-02-28 04:14:25  INFO com.jp.supersimplestocks.tradeandstockexchange.TradesQueue - 2016-02-28 04:14:25.413        TEA   23    BUY   200  
2016-02-28 04:14:25  INFO com.jp.supersimplestocks.tradeandstockexchange.TradesQueue - 2016-02-28 04:14:25.416        POP   97    BUY   200  
2016-02-28 04:14:25  INFO com.jp.supersimplestocks.tradeandstockexchange.TradesQueue - 2016-02-28 04:14:25.428        GIN   47    BUY   200  
2016-02-28 04:14:25  INFO com.jp.supersimplestocks.tradeandstockexchange.TradesQueue - 2016-02-28 04:14:25.418        ALE   50    SELL  120  
2016-02-28 04:14:25  INFO com.jp.supersimplestocks.tradeandstockexchange.TradesQueue - 2016-02-28 04:14:25.419        JOE   66    BUY   500  
2016-02-28 04:14:26  INFO com.jp.supersimplestocks.tradeandstockexchange.TradesQueue - 2016-02-28 04:14:26.414        GIN   31    SELL  200  
2016-02-28 04:14:26  INFO com.jp.supersimplestocks.tradeandstockexchange.TradesQueue - 2016-02-28 04:14:26.42         GIN   70    SELL  200  
2016-02-28 04:14:26  INFO com.jp.supersimplestocks.tradeandstockexchange.TradesQueue - 2016-02-28 04:14:26.419        JOE   10    BUY   500  
2016-02-28 04:14:26  INFO com.jp.supersimplestocks.tradeandstockexchange.TradesQueue - 2016-02-28 04:14:26.418        TEA   14    SELL  200  
2016-02-28 04:14:26  INFO com.jp.supersimplestocks.tradeandstockexchange.TradesQueue - 2016-02-28 04:14:26.428        TEA   15    BUY   200  
2016-02-28 04:14:27  INFO com.jp.supersimplestocks.tradeandstockexchange.TradesQueue - 2016-02-28 04:14:27.423        GIN   28    SELL  200  
2016-02-28 04:14:27  INFO com.jp.supersimplestocks.tradeandstockexchange.TradesQueue - 2016-02-28 04:14:27.424        JOE   43    SELL  250  
2016-02-28 04:14:27  INFO com.jp.supersimplestocks.tradeandstockexchange.TradesQueue - 2016-02-28 04:14:27.424        TEA   73    SELL  100  
2016-02-28 04:14:27  INFO com.jp.supersimplestocks.tradeandstockexchange.TradesQueue - 2016-02-28 04:14:27.425        GIN   49    BUY   100  
2016-02-28 04:14:27  INFO com.jp.supersimplestocks.tradeandstockexchange.TradesQueue - 2016-02-28 04:14:27.433        GIN   78    BUY   200  
2016-02-28 04:14:28  INFO com.jp.supersimplestocks.tradeandstockexchange.TradesQueue - 2016-02-28 04:14:28.434        ALE   35    BUY   60   
2016-02-28 04:14:28  INFO com.jp.supersimplestocks.tradeandstockexchange.TradesQueue - 2016-02-28 04:14:28.433        JOE   5     BUY   500  
2016-02-28 04:14:28  INFO com.jp.supersimplestocks.tradeandstockexchange.TradesQueue - 2016-02-28 04:14:28.425        TEA   4     BUY   100  
2016-02-28 04:14:28  INFO com.jp.supersimplestocks.tradeandstockexchange.TradesQueue - 2016-02-28 04:14:28.424        GIN   28    BUY   100  
2016-02-28 04:14:28  INFO com.jp.supersimplestocks.tradeandstockexchange.TradesQueue - 2016-02-28 04:14:28.424        GIN   3     BUY   100  
2016-02-28 04:14:29  INFO com.jp.supersimplestocks.tradeandstockexchange.TradesQueue - 2016-02-28 04:14:29.478        TEA   34    BUY   200  
2016-02-28 04:14:29  INFO com.jp.supersimplestocks.tradeandstockexchange.TradesQueue - 2016-02-28 04:14:29.486        GIN   14    SELL  200  
2016-02-28 04:14:29  INFO com.jp.supersimplestocks.tradeandstockexchange.TradesQueue - 2016-02-28 04:14:29.494        TEA   56    SELL  200  
2016-02-28 04:14:29  INFO com.jp.supersimplestocks.tradeandstockexchange.TradesQueue - 2016-02-28 04:14:29.496        ALE   61    SELL  120  
2016-02-28 04:14:29  INFO com.jp.supersimplestocks.tradeandstockexchange.TradesQueue - 2016-02-28 04:14:29.495        TEA   79    SELL  100  
2016-02-28 04:14:30  INFO com.jp.supersimplestocks.tradeandstockexchange.TradesQueue - 2016-02-28 04:14:30.479        JOE   31    SELL  500  
2016-02-28 04:14:30  INFO com.jp.supersimplestocks.tradeandstockexchange.TradesQueue - 2016-02-28 04:14:30.494        GIN   78    SELL  200  
2016-02-28 04:14:30  INFO com.jp.supersimplestocks.tradeandstockexchange.TradesQueue - 2016-02-28 04:14:30.504        TEA   33    SELL  200  
2016-02-28 04:14:30  INFO com.jp.supersimplestocks.tradeandstockexchange.TradesQueue - 2016-02-28 04:14:30.513        TEA   41    SELL  100  
2016-02-28 04:14:30  INFO com.jp.supersimplestocks.tradeandstockexchange.TradesQueue - 2016-02-28 04:14:30.513        ALE   1     BUY   120  
2016-02-28 04:14:31  INFO com.jp.supersimplestocks.tradeandstockexchange.TradesQueue - 2016-02-28 04:14:31.486        TEA   80    BUY   100  
2016-02-28 04:14:31  INFO com.jp.supersimplestocks.tradeandstockexchange.TradesQueue - 2016-02-28 04:14:31.502        GIN   61    BUY   200  
2016-02-28 04:14:31  INFO com.jp.supersimplestocks.tradeandstockexchange.TradesQueue - 2016-02-28 04:14:31.512        JOE   65    SELL  500  
2016-02-28 04:14:31  INFO com.jp.supersimplestocks.tradeandstockexchange.TradesQueue - 2016-02-28 04:14:31.513        TEA   97    SELL  100  
2016-02-28 04:14:31  INFO com.jp.supersimplestocks.tradeandstockexchange.TradesQueue - 2016-02-28 04:14:31.52         ALE   71    SELL  60   
2016-02-28 04:14:32  INFO com.jp.supersimplestocks.tradeandstockexchange.TradesQueue - 2016-02-28 04:14:32.487        JOE   23    BUY   500  
2016-02-28 04:14:32  INFO com.jp.supersimplestocks.tradeandstockexchange.TradesQueue - 2016-02-28 04:14:32.502        JOE   89    SELL  500  
2016-02-28 04:14:32  INFO com.jp.supersimplestocks.tradeandstockexchange.TradesQueue - 2016-02-28 04:14:32.513        GIN   86    BUY   100  
2016-02-28 04:14:32  INFO com.jp.supersimplestocks.tradeandstockexchange.TradesQueue - 2016-02-28 04:14:32.52         ALE   31    BUY   60   
2016-02-28 04:14:32  INFO com.jp.supersimplestocks.tradeandstockexchange.TradesQueue - 2016-02-28 04:14:32.514        GIN   8     BUY   100  
2016-02-28 04:14:38  INFO com.jp.supersimplestocks.tradeandstockexchange.TradesQueue - 2016-02-28 04:14:38.471        GIN   26    BUY   100  
2016-02-28 04:14:38  INFO com.jp.supersimplestocks.tradeandstockexchange.TradesQueue - 2016-02-28 04:14:38.471        ALE   3     SELL  120  
2016-02-28 04:14:38  INFO com.jp.supersimplestocks.tradeandstockexchange.TradesQueue - 2016-02-28 04:14:38.471        TEA   43    BUY   100  
2016-02-28 04:14:38  INFO com.jp.supersimplestocks.tradeandstockexchange.TradesQueue - 2016-02-28 04:14:38.471        JOE   26    BUY   250  
2016-02-28 04:14:38  INFO com.jp.supersimplestocks.tradeandstockexchange.TradesQueue - 2016-02-28 04:14:38.471        GIN   98    SELL  200  
2016-02-28 04:14:39  INFO com.jp.supersimplestocks.tradeandstockexchange.TradesQueue - 2016-02-28 04:14:39.473        POP   31    BUY   100  
2016-02-28 04:14:39  INFO com.jp.supersimplestocks.tradeandstockexchange.TradesQueue - 2016-02-28 04:14:39.475        POP   85    BUY   200  
2016-02-28 04:14:39  INFO com.jp.supersimplestocks.tradeandstockexchange.TradesQueue - 2016-02-28 04:14:39.475        POP   66    BUY   100  
2016-02-28 04:14:39  INFO com.jp.supersimplestocks.tradeandstockexchange.TradesQueue - 2016-02-28 04:14:39.478        ALE   70    BUY   120  
2016-02-28 04:14:39  INFO com.jp.supersimplestocks.tradeandstockexchange.TradesQueue - 2016-02-28 04:14:39.479        POP   87    SELL  100  
2016-02-28 04:14:40  INFO com.jp.supersimplestocks.tradeandstockexchange.TradesQueue - 2016-02-28 04:14:40.475        TEA   34    SELL  200  
2016-02-28 04:14:40  INFO com.jp.supersimplestocks.tradeandstockexchange.TradesQueue - 2016-02-28 04:14:40.476        GIN   13    BUY   100  
2016-02-28 04:14:40  INFO com.jp.supersimplestocks.tradeandstockexchange.TradesQueue - 2016-02-28 04:14:40.477        GIN   60    BUY   100  
2016-02-28 04:14:40  INFO com.jp.supersimplestocks.tradeandstockexchange.TradesQueue - 2016-02-28 04:14:40.479        TEA   46    BUY   200  
2016-02-28 04:14:40  INFO com.jp.supersimplestocks.tradeandstockexchange.TradesQueue - 2016-02-28 04:14:40.48         POP   49    SELL  100  
2016-02-28 04:14:41  INFO com.jp.supersimplestocks.tradeandstockexchange.TradesQueue - 2016-02-28 04:14:41.475        ALE   46    BUY   120  
2016-02-28 04:14:41  INFO com.jp.supersimplestocks.tradeandstockexchange.TradesQueue - 2016-02-28 04:14:41.48         ALE   68    BUY   120  
2016-02-28 04:14:41  INFO com.jp.supersimplestocks.tradeandstockexchange.TradesQueue - 2016-02-28 04:14:41.479        POP   28    SELL  100  
2016-02-28 04:14:41  INFO com.jp.supersimplestocks.tradeandstockexchange.TradesQueue - 2016-02-28 04:14:41.477        JOE   81    BUY   500  
2016-02-28 04:14:41  INFO com.jp.supersimplestocks.tradeandstockexchange.TradesQueue - 2016-02-28 04:14:41.476        TEA   34    BUY   100  
2016-02-28 04:14:42  INFO com.jp.supersimplestocks.tradeandstockexchange.TradesQueue - 2016-02-28 04:14:42.48         JOE   79    BUY   250  
2016-02-28 04:14:42  INFO com.jp.supersimplestocks.tradeandstockexchange.TradesQueue - 2016-02-28 04:14:42.481        TEA   69    BUY   100  
2016-02-28 04:14:42  INFO com.jp.supersimplestocks.tradeandstockexchange.TradesQueue - 2016-02-28 04:14:42.481        POP   67    SELL  100  
2016-02-28 04:14:42  INFO com.jp.supersimplestocks.tradeandstockexchange.TradesQueue - 2016-02-28 04:14:42.482        ALE   28    BUY   60   
2016-02-28 04:14:42  INFO com.jp.supersimplestocks.tradeandstockexchange.TradesQueue - 2016-02-28 04:14:42.488        POP   63    BUY   100  
2016-02-28 04:14:43  INFO com.jp.supersimplestocks.tradeandstockexchange.TradesQueue - 2016-02-28 04:14:43.488        ALE   28    BUY   60   
2016-02-28 04:14:43  INFO com.jp.supersimplestocks.tradeandstockexchange.TradesQueue - 2016-02-28 04:14:43.487        GIN   88    SELL  100  
2016-02-28 04:14:43  INFO com.jp.supersimplestocks.tradeandstockexchange.TradesQueue - 2016-02-28 04:14:43.481        POP   35    SELL  100  
2016-02-28 04:14:43  INFO com.jp.supersimplestocks.tradeandstockexchange.TradesQueue - 2016-02-28 04:14:43.481        POP   66    SELL  100  
2016-02-28 04:14:43  INFO com.jp.supersimplestocks.tradeandstockexchange.TradesQueue - 2016-02-28 04:14:43.48         ALE   82    BUY   120  
2016-02-28 04:14:44  INFO com.jp.supersimplestocks.tradeandstockexchange.TradesQueue - 2016-02-28 04:14:44.531        JOE   8     BUY   500  
2016-02-28 04:14:44  INFO com.jp.supersimplestocks.tradeandstockexchange.TradesQueue - 2016-02-28 04:14:44.534        TEA   57    SELL  200  
2016-02-28 04:14:44  INFO com.jp.supersimplestocks.tradeandstockexchange.TradesQueue - 2016-02-28 04:14:44.539        ALE   32    BUY   120  
2016-02-28 04:14:44  INFO com.jp.supersimplestocks.tradeandstockexchange.TradesQueue - 2016-02-28 04:14:44.538        GIN   5     SELL  100  
2016-02-28 04:14:44  INFO com.jp.supersimplestocks.tradeandstockexchange.TradesQueue - 2016-02-28 04:14:44.538        POP   29    BUY   200  
2016-02-28 04:14:45  INFO com.jp.supersimplestocks.tradeandstockexchange.TradesQueue - 2016-02-28 04:14:45.531        ALE   27    SELL  120  
2016-02-28 04:14:45  INFO com.jp.supersimplestocks.tradeandstockexchange.TradesQueue - 2016-02-28 04:14:45.544        GIN   82    BUY   200  
2016-02-28 04:14:45  INFO com.jp.supersimplestocks.tradeandstockexchange.TradesQueue - 2016-02-28 04:14:45.553        ALE   60    BUY   60   
2016-02-28 04:14:45  INFO com.jp.supersimplestocks.tradeandstockexchange.TradesQueue - 2016-02-28 04:14:45.562        TEA   77    BUY   200  
2016-02-28 04:14:45  INFO com.jp.supersimplestocks.tradeandstockexchange.TradesQueue - 2016-02-28 04:14:45.563        ALE   61    SELL  120  
2016-02-28 04:14:46  INFO com.jp.supersimplestocks.tradeandstockexchange.TradesQueue - 2016-02-28 04:14:46.541        ALE   14    SELL  60   
2016-02-28 04:14:46  INFO com.jp.supersimplestocks.tradeandstockexchange.TradesQueue - 2016-02-28 04:14:46.554        JOE   22    SELL  250  
2016-02-28 04:14:46  INFO com.jp.supersimplestocks.tradeandstockexchange.TradesQueue - 2016-02-28 04:14:46.562        TEA   69    BUY   200  
2016-02-28 04:14:46  INFO com.jp.supersimplestocks.tradeandstockexchange.TradesQueue - 2016-02-28 04:14:46.563        JOE   47    SELL  250  
2016-02-28 04:14:46  INFO com.jp.supersimplestocks.tradeandstockexchange.TradesQueue - 2016-02-28 04:14:46.573        ALE   50    SELL  60   
2016-02-28 04:14:47  INFO com.jp.supersimplestocks.tradeandstockexchange.TradesQueue - 2016-02-28 04:14:47.543        ALE   96    SELL  120  
2016-02-28 04:14:47  INFO com.jp.supersimplestocks.tradeandstockexchange.TradesQueue - 2016-02-28 04:14:47.555        TEA   72    SELL  200  
2016-02-28 04:14:47  INFO com.jp.supersimplestocks.tradeandstockexchange.TradesQueue - 2016-02-28 04:14:47.562        GIN   82    BUY   100  
2016-02-28 04:14:47  INFO com.jp.supersimplestocks.tradeandstockexchange.TradesQueue - 2016-02-28 04:14:47.564        ALE   24    BUY   60   
2016-02-28 04:14:47  INFO com.jp.supersimplestocks.tradeandstockexchange.TradesQueue - 2016-02-28 04:14:47.573        GIN   48    BUY   100  
2016-02-28 04:14:53  INFO com.jp.supersimplestocks.tradeandstockexchange.TradesQueue - 2016-02-28 04:14:53.423        ALE   54    SELL  60   
2016-02-28 04:14:53  INFO com.jp.supersimplestocks.tradeandstockexchange.TradesQueue - 2016-02-28 04:14:53.423        JOE   30    BUY   250  
2016-02-28 04:14:53  INFO com.jp.supersimplestocks.tradeandstockexchange.TradesQueue - 2016-02-28 04:14:53.423        TEA   9     BUY   100  
2016-02-28 04:14:53  INFO com.jp.supersimplestocks.tradeandstockexchange.TradesQueue - 2016-02-28 04:14:53.423        ALE   34    SELL  60   
2016-02-28 04:14:53  INFO com.jp.supersimplestocks.tradeandstockexchange.TradesQueue - 2016-02-28 04:14:53.423        POP   5     SELL  100  
2016-02-28 04:14:54  INFO com.jp.supersimplestocks.tradeandstockexchange.TradesQueue - 2016-02-28 04:14:54.426        GIN   91    BUY   200  
2016-02-28 04:14:54  INFO com.jp.supersimplestocks.tradeandstockexchange.TradesQueue - 2016-02-28 04:14:54.427        ALE   44    SELL  60   
2016-02-28 04:14:54  INFO com.jp.supersimplestocks.tradeandstockexchange.TradesQueue - 2016-02-28 04:14:54.427        ALE   64    BUY   60   
2016-02-28 04:14:54  INFO com.jp.supersimplestocks.tradeandstockexchange.TradesQueue - 2016-02-28 04:14:54.428        ALE   16    BUY   60   
2016-02-28 04:14:54  INFO com.jp.supersimplestocks.tradeandstockexchange.TradesQueue - 2016-02-28 04:14:54.431        JOE   66    BUY   500  
2016-02-28 04:14:55  INFO com.jp.supersimplestocks.tradeandstockexchange.TradesQueue - 2016-02-28 04:14:55.427        GIN   7     SELL  100  
2016-02-28 04:14:55  INFO com.jp.supersimplestocks.tradeandstockexchange.TradesQueue - 2016-02-28 04:14:55.428        POP   59    BUY   100  
2016-02-28 04:14:55  INFO com.jp.supersimplestocks.tradeandstockexchange.TradesQueue - 2016-02-28 04:14:55.428        TEA   73    SELL  200  
2016-02-28 04:14:55  INFO com.jp.supersimplestocks.tradeandstockexchange.TradesQueue - 2016-02-28 04:14:55.429        JOE   97    BUY   250  
2016-02-28 04:14:55  INFO com.jp.supersimplestocks.tradeandstockexchange.TradesQueue - 2016-02-28 04:14:55.432        JOE   39    BUY   500  
2016-02-28 04:14:56  INFO com.jp.supersimplestocks.tradeandstockexchange.TradesQueue - 2016-02-28 04:14:56.428        GIN   96    BUY   200  
2016-02-28 04:14:56  INFO com.jp.supersimplestocks.tradeandstockexchange.TradesQueue - 2016-02-28 04:14:56.432        GIN   44    SELL  100  
2016-02-28 04:14:56  INFO com.jp.supersimplestocks.tradeandstockexchange.TradesQueue - 2016-02-28 04:14:56.43         GIN   12    SELL  100  
2016-02-28 04:14:56  INFO com.jp.supersimplestocks.tradeandstockexchange.TradesQueue - 2016-02-28 04:14:56.429        ALE   84    SELL  120  
2016-02-28 04:14:56  INFO com.jp.supersimplestocks.tradeandstockexchange.TradesQueue - 2016-02-28 04:14:56.428        TEA   69    SELL  100  
2016-02-28 04:14:57  INFO com.jp.supersimplestocks.tradeandstockexchange.TradesQueue - 2016-02-28 04:14:57.437        JOE   88    BUY   250  
2016-02-28 04:14:57  INFO com.jp.supersimplestocks.tradeandstockexchange.TradesQueue - 2016-02-28 04:14:57.438        ALE   94    BUY   120  
2016-02-28 04:14:57  INFO com.jp.supersimplestocks.tradeandstockexchange.TradesQueue - 2016-02-28 04:14:57.437        GIN   42    BUY   200  
2016-02-28 04:14:57  INFO com.jp.supersimplestocks.tradeandstockexchange.TradesQueue - 2016-02-28 04:14:57.439        ALE   46    SELL  60   
2016-02-28 04:14:57  INFO com.jp.supersimplestocks.tradeandstockexchange.TradesQueue - 2016-02-28 04:14:57.447        POP   52    BUY   200  
2016-02-28 04:14:58  INFO com.jp.supersimplestocks.tradeandstockexchange.TradesQueue - 2016-02-28 04:14:58.44         TEA   40    BUY   100  
2016-02-28 04:14:58  INFO com.jp.supersimplestocks.tradeandstockexchange.TradesQueue - 2016-02-28 04:14:58.439        ALE   24    SELL  60   
2016-02-28 04:14:58  INFO com.jp.supersimplestocks.tradeandstockexchange.TradesQueue - 2016-02-28 04:14:58.439        JOE   41    SELL  250  
2016-02-28 04:14:58  INFO com.jp.supersimplestocks.tradeandstockexchange.TradesQueue - 2016-02-28 04:14:58.451        ALE   62    BUY   60   
2016-02-28 04:14:58  INFO com.jp.supersimplestocks.tradeandstockexchange.TradesQueue - 2016-02-28 04:14:58.45         ALE   22    BUY   120  
2016-02-28 04:14:59  INFO com.jp.supersimplestocks.tradeandstockexchange.TradesQueue - 2016-02-28 04:14:59.45         JOE   58    SELL  250  
2016-02-28 04:14:59  INFO com.jp.supersimplestocks.tradeandstockexchange.TradesQueue - 2016-02-28 04:14:59.452        ALE   66    BUY   60   
2016-02-28 04:14:59  INFO com.jp.supersimplestocks.tradeandstockexchange.TradesQueue - 2016-02-28 04:14:59.456        JOE   67    BUY   500  
2016-02-28 04:14:59  INFO com.jp.supersimplestocks.tradeandstockexchange.TradesQueue - 2016-02-28 04:14:59.455        JOE   63    SELL  500  
2016-02-28 04:14:59  INFO com.jp.supersimplestocks.tradeandstockexchange.TradesQueue - 2016-02-28 04:14:59.455        GIN   36    SELL  100  
2016-02-28 04:15:00  INFO com.jp.supersimplestocks.tradeandstockexchange.TradesQueue - 2016-02-28 04:15:00.451        JOE   19    BUY   250  
2016-02-28 04:15:00  INFO com.jp.supersimplestocks.tradeandstockexchange.TradesQueue - 2016-02-28 04:15:00.461        JOE   80    SELL  500  
2016-02-28 04:15:00  INFO com.jp.supersimplestocks.tradeandstockexchange.TradesQueue - 2016-02-28 04:15:00.471        TEA   56    SELL  200  
2016-02-28 04:15:00  INFO com.jp.supersimplestocks.tradeandstockexchange.TradesQueue - 2016-02-28 04:15:00.481        POP   19    SELL  100  
2016-02-28 04:15:00  INFO com.jp.supersimplestocks.tradeandstockexchange.TradesQueue - 2016-02-28 04:15:00.481        POP   55    SELL  200  
2016-02-28 04:15:01  INFO com.jp.supersimplestocks.tradeandstockexchange.TradesQueue - 2016-02-28 04:15:01.453        JOE   41    BUY   500  
2016-02-28 04:15:01  INFO com.jp.supersimplestocks.tradeandstockexchange.TradesQueue - 2016-02-28 04:15:01.471        JOE   98    SELL  250  
2016-02-28 04:15:01  INFO com.jp.supersimplestocks.tradeandstockexchange.TradesQueue - 2016-02-28 04:15:01.482        ALE   44    SELL  120  
2016-02-28 04:15:01  INFO com.jp.supersimplestocks.tradeandstockexchange.TradesQueue - 2016-02-28 04:15:01.482        ALE   99    SELL  60   
2016-02-28 04:15:01  INFO com.jp.supersimplestocks.tradeandstockexchange.TradesQueue - 2016-02-28 04:15:01.492        TEA   99    SELL  100  
2016-02-28 04:15:02  INFO com.jp.supersimplestocks.tradeandstockexchange.TradesQueue - 2016-02-28 04:15:02.454        GIN   1     SELL  100  
2016-02-28 04:15:02  INFO com.jp.supersimplestocks.tradeandstockexchange.TradesQueue - 2016-02-28 04:15:02.472        JOE   72    BUY   500  
2016-02-28 04:15:02  INFO com.jp.supersimplestocks.tradeandstockexchange.TradesQueue - 2016-02-28 04:15:02.482        ALE   40    SELL  60   
2016-02-28 04:15:02  INFO com.jp.supersimplestocks.tradeandstockexchange.TradesQueue - 2016-02-28 04:15:02.482        POP   5     SELL  200  
2016-02-28 04:15:02  INFO com.jp.supersimplestocks.tradeandstockexchange.TradesQueue - 2016-02-28 04:15:02.492        GIN   89    SELL  100  
2016-02-28 04:15:02  INFO com.jp.supersimplestocks.tradeandstockexchange.TradesQueue - 2016-02-28 04:15:02.288        TEA   52    BUY   200  
2016-02-28 04:15:02  INFO com.jp.supersimplestocks.tradeandstockexchange.TradesQueue - 2016-02-28 04:15:02.288        ALE   3     BUY   120  
2016-02-28 04:15:02  INFO com.jp.supersimplestocks.tradeandstockexchange.TradesQueue - 2016-02-28 04:15:02.288        ALE   72    BUY   120  
2016-02-28 04:15:02  INFO com.jp.supersimplestocks.tradeandstockexchange.TradesQueue - 2016-02-28 04:15:02.288        TEA   70    SELL  100  
2016-02-28 04:15:02  INFO com.jp.supersimplestocks.tradeandstockexchange.TradesQueue - 2016-02-28 04:15:02.288        GIN   4     BUY   200  
2016-02-28 04:15:09  INFO com.jp.supersimplestocks.tradeandstockexchange.TradesQueue - 2016-02-28 04:15:09.18         ALE   56    BUY   120  
2016-02-28 04:15:09  INFO com.jp.supersimplestocks.tradeandstockexchange.TradesQueue - 2016-02-28 04:15:09.181        GIN   25    SELL  200  
2016-02-28 04:15:09  INFO com.jp.supersimplestocks.tradeandstockexchange.TradesQueue - 2016-02-28 04:15:09.181        ALE   59    SELL  60   
2016-02-28 04:15:09  INFO com.jp.supersimplestocks.tradeandstockexchange.TradesQueue - 2016-02-28 04:15:09.181        TEA   4     SELL  200  
2016-02-28 04:15:09  INFO com.jp.supersimplestocks.tradeandstockexchange.TradesQueue - 2016-02-28 04:15:09.181        ALE   37    BUY   120  
2016-02-28 04:15:10  INFO com.jp.supersimplestocks.tradeandstockexchange.TradesQueue - 2016-02-28 04:15:10.18         JOE   15    BUY   250  
2016-02-28 04:15:10  INFO com.jp.supersimplestocks.tradeandstockexchange.TradesQueue - 2016-02-28 04:15:10.181        TEA   60    BUY   100  
2016-02-28 04:15:10  INFO com.jp.supersimplestocks.tradeandstockexchange.TradesQueue - 2016-02-28 04:15:10.181        GIN   53    SELL  200  
2016-02-28 04:15:10  INFO com.jp.supersimplestocks.tradeandstockexchange.TradesQueue - 2016-02-28 04:15:10.181        POP   26    SELL  200  
2016-02-28 04:15:10  INFO com.jp.supersimplestocks.tradeandstockexchange.TradesQueue - 2016-02-28 04:15:10.182        GIN   14    BUY   100  
2016-02-28 04:15:11  INFO com.jp.supersimplestocks.tradeandstockexchange.TradesQueue - 2016-02-28 04:15:11.181        GIN   33    SELL  200  
2016-02-28 04:15:11  INFO com.jp.supersimplestocks.tradeandstockexchange.TradesQueue - 2016-02-28 04:15:11.183        POP   83    SELL  100  
2016-02-28 04:15:11  INFO com.jp.supersimplestocks.tradeandstockexchange.TradesQueue - 2016-02-28 04:15:11.182        TEA   54    SELL  100  
2016-02-28 04:15:11  INFO com.jp.supersimplestocks.tradeandstockexchange.TradesQueue - 2016-02-28 04:15:11.182        POP   76    SELL  100  
2016-02-28 04:15:11  INFO com.jp.supersimplestocks.tradeandstockexchange.TradesQueue - 2016-02-28 04:15:11.182        POP   22    SELL  100  
2016-02-28 04:15:12  INFO com.jp.supersimplestocks.tradeandstockexchange.TradesQueue - 2016-02-28 04:15:12.185        POP   50    SELL  200  
2016-02-28 04:15:12  INFO com.jp.supersimplestocks.tradeandstockexchange.TradesQueue - 2016-02-28 04:15:12.185        TEA   19    BUY   200  
2016-02-28 04:15:12  INFO com.jp.supersimplestocks.tradeandstockexchange.TradesQueue - 2016-02-28 04:15:12.185        GIN   96    BUY   100  
2016-02-28 04:15:12  INFO com.jp.supersimplestocks.tradeandstockexchange.TradesQueue - 2016-02-28 04:15:12.186        POP   54    BUY   100  
2016-02-28 04:15:12  INFO com.jp.supersimplestocks.tradeandstockexchange.TradesQueue - 2016-02-28 04:15:12.189        TEA   59    SELL  200  
2016-02-28 04:15:13  INFO com.jp.supersimplestocks.tradeandstockexchange.TradesQueue - 2016-02-28 04:15:13.185        ALE   88    SELL  120  
2016-02-28 04:15:13  INFO com.jp.supersimplestocks.tradeandstockexchange.TradesQueue - 2016-02-28 04:15:13.185        POP   62    SELL  200  
2016-02-28 04:15:13  INFO com.jp.supersimplestocks.tradeandstockexchange.TradesQueue - 2016-02-28 04:15:13.185        ALE   87    SELL  120  
2016-02-28 04:15:13  INFO com.jp.supersimplestocks.tradeandstockexchange.TradesQueue - 2016-02-28 04:15:13.189        POP   9     SELL  100  
2016-02-28 04:15:13  INFO com.jp.supersimplestocks.tradeandstockexchange.TradesQueue - 2016-02-28 04:15:13.189        POP   56    BUY   200  
2016-02-28 04:15:14  INFO com.jp.supersimplestocks.tradeandstockexchange.TradesQueue - 2016-02-28 04:15:14.189        JOE   48    SELL  250  
2016-02-28 04:15:14  INFO com.jp.supersimplestocks.tradeandstockexchange.TradesQueue - 2016-02-28 04:15:14.192        POP   16    SELL  100  
2016-02-28 04:15:14  INFO com.jp.supersimplestocks.tradeandstockexchange.TradesQueue - 2016-02-28 04:15:14.195        ALE   39    BUY   60   
2016-02-28 04:15:14  INFO com.jp.supersimplestocks.tradeandstockexchange.TradesQueue - 2016-02-28 04:15:14.202        TEA   83    SELL  200  
2016-02-28 04:15:14  INFO com.jp.supersimplestocks.tradeandstockexchange.TradesQueue - 2016-02-28 04:15:14.202        JOE   20    BUY   500  
2016-02-28 04:15:15  INFO com.jp.supersimplestocks.tradeandstockexchange.TradesQueue - 2016-02-28 04:15:15.189        GIN   62    SELL  100  
2016-02-28 04:15:15  INFO com.jp.supersimplestocks.tradeandstockexchange.TradesQueue - 2016-02-28 04:15:15.195        JOE   88    SELL  250  
2016-02-28 04:15:15  INFO com.jp.supersimplestocks.tradeandstockexchange.TradesQueue - 2016-02-28 04:15:15.198        POP   53    BUY   200  
2016-02-28 04:15:15  INFO com.jp.supersimplestocks.tradeandstockexchange.TradesQueue - 2016-02-28 04:15:15.21         POP   24    SELL  200  
2016-02-28 04:15:15  INFO com.jp.supersimplestocks.tradeandstockexchange.TradesQueue - 2016-02-28 04:15:15.211        JOE   9     SELL  250  
2016-02-28 04:15:16  INFO com.jp.supersimplestocks.tradeandstockexchange.TradesQueue - 2016-02-28 04:15:16.192        GIN   64    BUY   200  
2016-02-28 04:15:16  INFO com.jp.supersimplestocks.tradeandstockexchange.TradesQueue - 2016-02-28 04:15:16.197        TEA   28    BUY   100  
2016-02-28 04:15:16  INFO com.jp.supersimplestocks.tradeandstockexchange.TradesQueue - 2016-02-28 04:15:16.2          TEA   28    BUY   200  
2016-02-28 04:15:16  INFO com.jp.supersimplestocks.tradeandstockexchange.TradesQueue - 2016-02-28 04:15:16.211        TEA   11    BUY   200  
2016-02-28 04:15:16  INFO com.jp.supersimplestocks.tradeandstockexchange.TradesQueue - 2016-02-28 04:15:16.215        TEA   8     BUY   200  
2016-02-28 04:15:28  INFO com.jp.supersimplestocks.tradeandstockexchange.TradesQueue - 2016-02-28 04:15:28.193        GIN   52    BUY   100  
2016-02-28 04:15:28  INFO com.jp.supersimplestocks.tradeandstockexchange.TradesQueue - 2016-02-28 04:15:28.198        JOE   41    BUY   500  
2016-02-28 04:15:28  INFO com.jp.supersimplestocks.tradeandstockexchange.TradesQueue - 2016-02-28 04:15:28.201        ALE   74    BUY   60   
2016-02-28 04:15:28  INFO com.jp.supersimplestocks.tradeandstockexchange.TradesQueue - 2016-02-28 04:15:28.211        POP   46    BUY   200  
2016-02-28 04:15:28  INFO com.jp.supersimplestocks.tradeandstockexchange.TradesQueue - 2016-02-28 04:15:28.215        JOE   34    SELL  250  
2016-02-28 04:15:23  INFO com.jp.supersimplestocks.tradeandstockexchange.TradesQueue - 2016-02-28 04:15:23.02         GIN   90    SELL  200  
2016-02-28 04:15:23  INFO com.jp.supersimplestocks.tradeandstockexchange.TradesQueue - 2016-02-28 04:15:23.02         JOE   28    BUY   250  
2016-02-28 04:15:23  INFO com.jp.supersimplestocks.tradeandstockexchange.TradesQueue - 2016-02-28 04:15:23.02         POP   27    BUY   100  
2016-02-28 04:15:23  INFO com.jp.supersimplestocks.tradeandstockexchange.TradesQueue - 2016-02-28 04:15:23.02         GIN   44    SELL  100  
2016-02-28 04:15:23  INFO com.jp.supersimplestocks.tradeandstockexchange.TradesQueue - 2016-02-28 04:15:23.02         GIN   19    BUY   100  
2016-02-28 04:15:24  INFO com.jp.supersimplestocks.tradeandstockexchange.TradesQueue - 2016-02-28 04:15:24.024        JOE   76    BUY   500  
2016-02-28 04:15:24  INFO com.jp.supersimplestocks.tradeandstockexchange.TradesQueue - 2016-02-28 04:15:24.025        ALE   3     SELL  120  
2016-02-28 04:15:24  INFO com.jp.supersimplestocks.tradeandstockexchange.TradesQueue - 2016-02-28 04:15:24.025        JOE   54    BUY   250  
2016-02-28 04:15:24  INFO com.jp.supersimplestocks.tradeandstockexchange.TradesQueue - 2016-02-28 04:15:24.025        TEA   28    SELL  100  
2016-02-28 04:15:24  INFO com.jp.supersimplestocks.tradeandstockexchange.TradesQueue - 2016-02-28 04:15:24.025        GIN   12    BUY   200  
2016-02-28 04:15:25  INFO com.jp.supersimplestocks.tradeandstockexchange.TradesQueue - 2016-02-28 04:15:25.024        JOE   88    BUY   250  
2016-02-28 04:15:25  INFO com.jp.supersimplestocks.tradeandstockexchange.TradesQueue - 2016-02-28 04:15:25.025        GIN   60    BUY   200  
2016-02-28 04:15:25  INFO com.jp.supersimplestocks.tradeandstockexchange.TradesQueue - 2016-02-28 04:15:25.025        POP   49    SELL  100  
2016-02-28 04:15:25  INFO com.jp.supersimplestocks.tradeandstockexchange.TradesQueue - 2016-02-28 04:15:25.025        TEA   82    BUY   100  
2016-02-28 04:15:25  INFO com.jp.supersimplestocks.tradeandstockexchange.TradesQueue - 2016-02-28 04:15:25.026        ALE   46    BUY   120  
2016-02-28 04:15:26  INFO com.jp.supersimplestocks.tradeandstockexchange.TradesQueue - 2016-02-28 04:15:26.024        ALE   31    SELL  60   
2016-02-28 04:15:26  INFO com.jp.supersimplestocks.tradeandstockexchange.TradesQueue - 2016-02-28 04:15:26.026        ALE   97    BUY   60   
2016-02-28 04:15:26  INFO com.jp.supersimplestocks.tradeandstockexchange.TradesQueue - 2016-02-28 04:15:26.025        JOE   21    SELL  500  
2016-02-28 04:15:26  INFO com.jp.supersimplestocks.tradeandstockexchange.TradesQueue - 2016-02-28 04:15:26.025        TEA   95    SELL  200  
2016-02-28 04:15:26  INFO com.jp.supersimplestocks.tradeandstockexchange.TradesQueue - 2016-02-28 04:15:26.025        ALE   54    BUY   60   
2016-02-28 04:15:27  INFO com.jp.supersimplestocks.tradeandstockexchange.TradesQueue - 2016-02-28 04:15:27.031        GIN   4     BUY   100  
2016-02-28 04:15:27  INFO com.jp.supersimplestocks.tradeandstockexchange.TradesQueue - 2016-02-28 04:15:27.031        ALE   75    BUY   60   
2016-02-28 04:15:27  INFO com.jp.supersimplestocks.tradeandstockexchange.TradesQueue - 2016-02-28 04:15:27.032        TEA   28    SELL  100  
2016-02-28 04:15:27  INFO com.jp.supersimplestocks.tradeandstockexchange.TradesQueue - 2016-02-28 04:15:27.032        TEA   90    BUY   200  
2016-02-28 04:15:27  INFO com.jp.supersimplestocks.tradeandstockexchange.TradesQueue - 2016-02-28 04:15:27.035        TEA   21    BUY   100  
2016-02-28 04:15:28  INFO com.jp.supersimplestocks.tradeandstockexchange.TradesQueue - 2016-02-28 04:15:28.031        GIN   23    BUY   100  
2016-02-28 04:15:28  INFO com.jp.supersimplestocks.tradeandstockexchange.TradesQueue - 2016-02-28 04:15:28.032        POP   42    BUY   200  
2016-02-28 04:15:28  INFO com.jp.supersimplestocks.tradeandstockexchange.TradesQueue - 2016-02-28 04:15:28.031        ALE   75    SELL  120  
2016-02-28 04:15:28  INFO com.jp.supersimplestocks.tradeandstockexchange.TradesQueue - 2016-02-28 04:15:28.036        TEA   65    SELL  200  
2016-02-28 04:15:28  INFO com.jp.supersimplestocks.tradeandstockexchange.TradesQueue - 2016-02-28 04:15:28.035        TEA   40    BUY   200  
2016-02-28 04:15:29  INFO com.jp.supersimplestocks.tradeandstockexchange.TradesQueue - 2016-02-28 04:15:29.034        ALE   29    SELL  60   
2016-02-28 04:15:29  INFO com.jp.supersimplestocks.tradeandstockexchange.TradesQueue - 2016-02-28 04:15:29.037        TEA   28    SELL  200  
2016-02-28 04:15:29  INFO com.jp.supersimplestocks.tradeandstockexchange.TradesQueue - 2016-02-28 04:15:29.041        ALE   31    BUY   120  
2016-02-28 04:15:29  INFO com.jp.supersimplestocks.tradeandstockexchange.TradesQueue - 2016-02-28 04:15:29.055        GIN   50    BUY   100  
2016-02-28 04:15:29  INFO com.jp.supersimplestocks.tradeandstockexchange.TradesQueue - 2016-02-28 04:15:29.056        GIN   9     SELL  200  
2016-02-28 04:15:30  INFO com.jp.supersimplestocks.tradeandstockexchange.TradesQueue - 2016-02-28 04:15:30.035        GIN   1     SELL  100  
2016-02-28 04:15:30  INFO com.jp.supersimplestocks.tradeandstockexchange.TradesQueue - 2016-02-28 04:15:30.042        GIN   51    SELL  200  
2016-02-28 04:15:30  INFO com.jp.supersimplestocks.tradeandstockexchange.TradesQueue - 2016-02-28 04:15:30.047        TEA   6     SELL  200  
2016-02-28 04:15:30  INFO com.jp.supersimplestocks.tradeandstockexchange.TradesQueue - 2016-02-28 04:15:30.06         ALE   64    BUY   60   
2016-02-28 04:15:30  INFO com.jp.supersimplestocks.tradeandstockexchange.TradesQueue - 2016-02-28 04:15:30.06         ALE   14    SELL  120  
2016-02-28 04:15:31  INFO com.jp.supersimplestocks.tradeandstockexchange.TradesQueue - 2016-02-28 04:15:31.039        ALE   22    BUY   60   
2016-02-28 04:15:31  INFO com.jp.supersimplestocks.tradeandstockexchange.TradesQueue - 2016-02-28 04:15:31.046        JOE   94    BUY   500  
2016-02-28 04:15:31  INFO com.jp.supersimplestocks.tradeandstockexchange.TradesQueue - 2016-02-28 04:15:31.051        GIN   83    SELL  100  
2016-02-28 04:15:31  INFO com.jp.supersimplestocks.tradeandstockexchange.TradesQueue - 2016-02-28 04:15:31.06         POP   65    BUY   100  
2016-02-28 04:15:31  INFO com.jp.supersimplestocks.tradeandstockexchange.TradesQueue - 2016-02-28 04:15:31.063        ALE   12    SELL  120  
2016-02-28 04:15:32  INFO com.jp.supersimplestocks.tradeandstockexchange.TradesQueue - 2016-02-28 04:15:32.039        JOE   54    BUY   500  
2016-02-28 04:15:32  INFO com.jp.supersimplestocks.tradeandstockexchange.TradesQueue - 2016-02-28 04:15:32.046        TEA   10    BUY   200  
2016-02-28 04:15:32  INFO com.jp.supersimplestocks.tradeandstockexchange.TradesQueue - 2016-02-28 04:15:32.051        TEA   99    SELL  200  
2016-02-28 04:15:32  INFO com.jp.supersimplestocks.tradeandstockexchange.TradesQueue - 2016-02-28 04:15:32.06         ALE   23    BUY   60   
2016-02-28 04:15:32  INFO com.jp.supersimplestocks.tradeandstockexchange.TradesQueue - 2016-02-28 04:15:32.063        ALE   83    BUY   120  
